Analysis & Synthesis report for ex7_top
Sat Dec 01 19:29:01 2018
Quartus Prime Version 18.1.0 Build 625 09/12/2018 SJ Lite Edition


---------------------
; Table of Contents ;
---------------------
  1. Legal Notice
  2. Analysis & Synthesis Summary
  3. Analysis & Synthesis Settings
  4. Parallel Compilation
  5. Analysis & Synthesis Source Files Read
  6. Analysis & Synthesis Resource Usage Summary
  7. Analysis & Synthesis Resource Utilization by Entity
  8. General Register Statistics
  9. Inverted Register Statistics
 10. Multiplexer Restructuring Statistics (Restructuring Performed)
 11. Parameter Settings for User Entity Instance: divclk:DIV50k
 12. Parameter Settings for User Entity Instance: divclk:DIV1k
 13. Parameter Settings for User Entity Instance: LFSR_7:comb_6
 14. Port Connectivity Checks: "hex_2_7seg:SEG1"
 15. Port Connectivity Checks: "divclk:DIV1k"
 16. Port Connectivity Checks: "divclk:DIV50k"
 17. Post-Synthesis Netlist Statistics for Top Partition
 18. Elapsed Time Per Partition
 19. Analysis & Synthesis Messages
 20. Analysis & Synthesis Suppressed Messages



----------------
; Legal Notice ;
----------------
Copyright (C) 2018  Intel Corporation. All rights reserved.
Your use of Intel Corporation's design tools, logic functions 
and other software and tools, and its AMPP partner logic 
functions, and any output files from any of the foregoing 
(including device programming or simulation files), and any 
associated documentation or information are expressly subject 
to the terms and conditions of the Intel Program License 
Subscription Agreement, the Intel Quartus Prime License Agreement,
the Intel FPGA IP License Agreement, or other applicable license
agreement, including, without limitation, that your use is for
the sole purpose of programming logic devices manufactured by
Intel and sold by Intel or its authorized distributors.  Please
refer to the applicable agreement for further details.



+-------------------------------------------------------------------------------+
; Analysis & Synthesis Summary                                                  ;
+---------------------------------+---------------------------------------------+
; Analysis & Synthesis Status     ; Successful - Sat Dec 01 19:29:01 2018       ;
; Quartus Prime Version           ; 18.1.0 Build 625 09/12/2018 SJ Lite Edition ;
; Revision Name                   ; ex7_top                                     ;
; Top-level Entity Name           ; ex7_top                                     ;
; Family                          ; Cyclone V                                   ;
; Logic utilization (in ALMs)     ; N/A                                         ;
; Total registers                 ; 42                                          ;
; Total pins                      ; 20                                          ;
; Total virtual pins              ; 0                                           ;
; Total block memory bits         ; 0                                           ;
; Total DSP Blocks                ; 0                                           ;
; Total HSSI RX PCSs              ; 0                                           ;
; Total HSSI PMA RX Deserializers ; 0                                           ;
; Total HSSI TX PCSs              ; 0                                           ;
; Total HSSI PMA TX Serializers   ; 0                                           ;
; Total PLLs                      ; 0                                           ;
; Total DLLs                      ; 0                                           ;
+---------------------------------+---------------------------------------------+


+---------------------------------------------------------------------------------------------------------------------------+
; Analysis & Synthesis Settings                                                                                             ;
+---------------------------------------------------------------------------------+--------------------+--------------------+
; Option                                                                          ; Setting            ; Default Value      ;
+---------------------------------------------------------------------------------+--------------------+--------------------+
; Device                                                                          ; 5CSEMA5F31C6       ;                    ;
; Top-level entity name                                                           ; ex7_top            ; ex7_top            ;
; Family name                                                                     ; Cyclone V          ; Cyclone V          ;
; Use smart compilation                                                           ; Off                ; Off                ;
; Enable parallel Assembler and Timing Analyzer during compilation                ; On                 ; On                 ;
; Enable compact report table                                                     ; Off                ; Off                ;
; Restructure Multiplexers                                                        ; Auto               ; Auto               ;
; MLAB Add Timing Constraints For Mixed-Port Feed-Through Mode Setting Don't Care ; Off                ; Off                ;
; Create Debugging Nodes for IP Cores                                             ; Off                ; Off                ;
; Preserve fewer node names                                                       ; On                 ; On                 ;
; Intel FPGA IP Evaluation Mode                                                   ; Enable             ; Enable             ;
; Verilog Version                                                                 ; Verilog_2001       ; Verilog_2001       ;
; VHDL Version                                                                    ; VHDL_1993          ; VHDL_1993          ;
; State Machine Processing                                                        ; Auto               ; Auto               ;
; Safe State Machine                                                              ; Off                ; Off                ;
; Extract Verilog State Machines                                                  ; On                 ; On                 ;
; Extract VHDL State Machines                                                     ; On                 ; On                 ;
; Ignore Verilog initial constructs                                               ; Off                ; Off                ;
; Iteration limit for constant Verilog loops                                      ; 5000               ; 5000               ;
; Iteration limit for non-constant Verilog loops                                  ; 250                ; 250                ;
; Add Pass-Through Logic to Inferred RAMs                                         ; On                 ; On                 ;
; Infer RAMs from Raw Logic                                                       ; On                 ; On                 ;
; Parallel Synthesis                                                              ; On                 ; On                 ;
; DSP Block Balancing                                                             ; Auto               ; Auto               ;
; NOT Gate Push-Back                                                              ; On                 ; On                 ;
; Power-Up Don't Care                                                             ; On                 ; On                 ;
; Remove Redundant Logic Cells                                                    ; Off                ; Off                ;
; Remove Duplicate Registers                                                      ; On                 ; On                 ;
; Ignore CARRY Buffers                                                            ; Off                ; Off                ;
; Ignore CASCADE Buffers                                                          ; Off                ; Off                ;
; Ignore GLOBAL Buffers                                                           ; Off                ; Off                ;
; Ignore ROW GLOBAL Buffers                                                       ; Off                ; Off                ;
; Ignore LCELL Buffers                                                            ; Off                ; Off                ;
; Ignore SOFT Buffers                                                             ; On                 ; On                 ;
; Limit AHDL Integers to 32 Bits                                                  ; Off                ; Off                ;
; Optimization Technique                                                          ; Balanced           ; Balanced           ;
; Carry Chain Length                                                              ; 70                 ; 70                 ;
; Auto Carry Chains                                                               ; On                 ; On                 ;
; Auto Open-Drain Pins                                                            ; On                 ; On                 ;
; Perform WYSIWYG Primitive Resynthesis                                           ; Off                ; Off                ;
; Auto ROM Replacement                                                            ; On                 ; On                 ;
; Auto RAM Replacement                                                            ; On                 ; On                 ;
; Auto DSP Block Replacement                                                      ; On                 ; On                 ;
; Auto Shift Register Replacement                                                 ; Auto               ; Auto               ;
; Allow Shift Register Merging across Hierarchies                                 ; Auto               ; Auto               ;
; Auto Clock Enable Replacement                                                   ; On                 ; On                 ;
; Strict RAM Replacement                                                          ; Off                ; Off                ;
; Allow Synchronous Control Signals                                               ; On                 ; On                 ;
; Force Use of Synchronous Clear Signals                                          ; Off                ; Off                ;
; Auto Resource Sharing                                                           ; Off                ; Off                ;
; Allow Any RAM Size For Recognition                                              ; Off                ; Off                ;
; Allow Any ROM Size For Recognition                                              ; Off                ; Off                ;
; Allow Any Shift Register Size For Recognition                                   ; Off                ; Off                ;
; Use LogicLock Constraints during Resource Balancing                             ; On                 ; On                 ;
; Ignore translate_off and synthesis_off directives                               ; Off                ; Off                ;
; Timing-Driven Synthesis                                                         ; On                 ; On                 ;
; Report Parameter Settings                                                       ; On                 ; On                 ;
; Report Source Assignments                                                       ; On                 ; On                 ;
; Report Connectivity Checks                                                      ; On                 ; On                 ;
; Ignore Maximum Fan-Out Assignments                                              ; Off                ; Off                ;
; Synchronization Register Chain Length                                           ; 3                  ; 3                  ;
; Power Optimization During Synthesis                                             ; Normal compilation ; Normal compilation ;
; HDL message level                                                               ; Level2             ; Level2             ;
; Suppress Register Optimization Related Messages                                 ; Off                ; Off                ;
; Number of Removed Registers Reported in Synthesis Report                        ; 5000               ; 5000               ;
; Number of Swept Nodes Reported in Synthesis Report                              ; 5000               ; 5000               ;
; Number of Inverted Registers Reported in Synthesis Report                       ; 100                ; 100                ;
; Clock MUX Protection                                                            ; On                 ; On                 ;
; Auto Gated Clock Conversion                                                     ; Off                ; Off                ;
; Block Design Naming                                                             ; Auto               ; Auto               ;
; SDC constraint protection                                                       ; Off                ; Off                ;
; Synthesis Effort                                                                ; Auto               ; Auto               ;
; Shift Register Replacement - Allow Asynchronous Clear Signal                    ; On                 ; On                 ;
; Pre-Mapping Resynthesis Optimization                                            ; Off                ; Off                ;
; Analysis & Synthesis Message Level                                              ; Medium             ; Medium             ;
; Disable Register Merging Across Hierarchies                                     ; Auto               ; Auto               ;
; Resource Aware Inference For Block RAM                                          ; On                 ; On                 ;
; Automatic Parallel Synthesis                                                    ; On                 ; On                 ;
; Partial Reconfiguration Bitstream ID                                            ; Off                ; Off                ;
+---------------------------------------------------------------------------------+--------------------+--------------------+


+------------------------------------------+
; Parallel Compilation                     ;
+----------------------------+-------------+
; Processors                 ; Number      ;
+----------------------------+-------------+
; Number detected on machine ; 8           ;
; Maximum allowed            ; 4           ;
;                            ;             ;
; Average used               ; 1.00        ;
; Maximum used               ; 4           ;
;                            ;             ;
; Usage by Processor         ; % Time Used ;
;     Processor 1            ; 100.0%      ;
;     Processors 2-4         ;   0.0%      ;
+----------------------------+-------------+


+----------------------------------------------------------------------------------------------------------------------------------------------------------------------------+
; Analysis & Synthesis Source Files Read                                                                                                                                     ;
+----------------------------------+-----------------+------------------------+------------------------------------------------------------------------------------+---------+
; File Name with User-Entered Path ; Used in Netlist ; File Type              ; File Name with Absolute Path                                                       ; Library ;
+----------------------------------+-----------------+------------------------+------------------------------------------------------------------------------------+---------+
; ../lib/hex_2_7seg.v              ; yes             ; User Verilog HDL File  ; E:/OneDrive - Imperial College London/uni/year2/EELab/VERI/part_2/lib/hex_2_7seg.v ;         ;
; ex7_top.v                        ; yes             ; User Verilog HDL File  ; E:/OneDrive - Imperial College London/uni/year2/EELab/VERI/part_2/ex7/ex7_top.v    ;         ;
; LFSR_7.v                         ; yes             ; User Verilog HDL File  ; E:/OneDrive - Imperial College London/uni/year2/EELab/VERI/part_2/ex7/LFSR_7.v     ;         ;
; ../lib/divclk.v                  ; yes             ; User Verilog HDL File  ; E:/OneDrive - Imperial College London/uni/year2/EELab/VERI/part_2/lib/divclk.v     ;         ;
+----------------------------------+-----------------+------------------------+------------------------------------------------------------------------------------+---------+


+--------------------------------------------------------------+
; Analysis & Synthesis Resource Usage Summary                  ;
+---------------------------------------------+----------------+
; Resource                                    ; Usage          ;
+---------------------------------------------+----------------+
; Estimate of Logic utilization (ALMs needed) ; 32             ;
;                                             ;                ;
; Combinational ALUT usage for logic          ; 64             ;
;     -- 7 input functions                    ; 0              ;
;     -- 6 input functions                    ; 0              ;
;     -- 5 input functions                    ; 9              ;
;     -- 4 input functions                    ; 9              ;
;     -- <=3 input functions                  ; 46             ;
;                                             ;                ;
; Dedicated logic registers                   ; 42             ;
;                                             ;                ;
; I/O pins                                    ; 20             ;
;                                             ;                ;
; Total DSP Blocks                            ; 0              ;
;                                             ;                ;
; Maximum fan-out node                        ; CLOCK_50~input ;
; Maximum fan-out                             ; 25             ;
; Total fan-out                               ; 323            ;
; Average fan-out                             ; 2.21           ;
+---------------------------------------------+----------------+


+---------------------------------------------------------------------------------------------------------------------------------------------------------------------------------------------+
; Analysis & Synthesis Resource Utilization by Entity                                                                                                                                         ;
+----------------------------+---------------------+---------------------------+-------------------+------------+------+--------------+--------------------------+-------------+--------------+
; Compilation Hierarchy Node ; Combinational ALUTs ; Dedicated Logic Registers ; Block Memory Bits ; DSP Blocks ; Pins ; Virtual Pins ; Full Hierarchy Name      ; Entity Name ; Library Name ;
+----------------------------+---------------------+---------------------------+-------------------+------------+------+--------------+--------------------------+-------------+--------------+
; |ex7_top                   ; 64 (0)              ; 42 (0)                    ; 0                 ; 0          ; 20   ; 0            ; |ex7_top                 ; ex7_top     ; work         ;
;    |LFSR_7:comb_6|         ; 10 (10)             ; 8 (8)                     ; 0                 ; 0          ; 0    ; 0            ; |ex7_top|LFSR_7:comb_6   ; LFSR_7      ; work         ;
;    |divclk:DIV1k|          ; 20 (20)             ; 17 (17)                   ; 0                 ; 0          ; 0    ; 0            ; |ex7_top|divclk:DIV1k    ; divclk      ; work         ;
;    |divclk:DIV50k|         ; 20 (20)             ; 17 (17)                   ; 0                 ; 0          ; 0    ; 0            ; |ex7_top|divclk:DIV50k   ; divclk      ; work         ;
;    |hex_2_7seg:SEG0|       ; 7 (7)               ; 0 (0)                     ; 0                 ; 0          ; 0    ; 0            ; |ex7_top|hex_2_7seg:SEG0 ; hex_2_7seg  ; work         ;
;    |hex_2_7seg:SEG1|       ; 7 (7)               ; 0 (0)                     ; 0                 ; 0          ; 0    ; 0            ; |ex7_top|hex_2_7seg:SEG1 ; hex_2_7seg  ; work         ;
+----------------------------+---------------------+---------------------------+-------------------+------------+------+--------------+--------------------------+-------------+--------------+
Note: For table entries with two numbers listed, the numbers in parentheses indicate the number of resources of the given type used by the specific entity alone. The numbers listed outside of parentheses indicate the total resources of the given type used by the specific entity and all of its sub-entities in the hierarchy.


+------------------------------------------------------+
; General Register Statistics                          ;
+----------------------------------------------+-------+
; Statistic                                    ; Value ;
+----------------------------------------------+-------+
; Total registers                              ; 42    ;
; Number of registers using Synchronous Clear  ; 20    ;
; Number of registers using Synchronous Load   ; 0     ;
; Number of registers using Asynchronous Clear ; 0     ;
; Number of registers using Asynchronous Load  ; 0     ;
; Number of registers using Clock Enable       ; 6     ;
; Number of registers using Preset             ; 0     ;
+----------------------------------------------+-------+


+--------------------------------------------------+
; Inverted Register Statistics                     ;
+----------------------------------------+---------+
; Inverted Register                      ; Fan out ;
+----------------------------------------+---------+
; LFSR_7:comb_6|x[1]                     ; 9       ;
; Total number of inverted registers = 1 ;         ;
+----------------------------------------+---------+


+-------------------------------------------------------------------------------------------------------------------------------------------+
; Multiplexer Restructuring Statistics (Restructuring Performed)                                                                            ;
+--------------------+-----------+---------------+----------------------+------------------------+------------+-----------------------------+
; Multiplexer Inputs ; Bus Width ; Baseline Area ; Area if Restructured ; Saving if Restructured ; Registered ; Example Multiplexer Output  ;
+--------------------+-----------+---------------+----------------------+------------------------+------------+-----------------------------+
; 3:1                ; 6 bits    ; 12 LEs        ; 6 LEs                ; 6 LEs                  ; Yes        ; |ex7_top|LFSR_7:comb_6|x[5] ;
+--------------------+-----------+---------------+----------------------+------------------------+------------+-----------------------------+


+------------------------------------------------------------+
; Parameter Settings for User Entity Instance: divclk:DIV50k ;
+----------------+-------+-----------------------------------+
; Parameter Name ; Value ; Type                              ;
+----------------+-------+-----------------------------------+
; BIT_SZ         ; 16    ; Signed Integer                    ;
+----------------+-------+-----------------------------------+
Note: In order to hide this table in the UI and the text report file, please set the "Show Parameter Settings in Synthesis Report" option in "Analysis and Synthesis Settings -> More Settings" to "Off".


+-----------------------------------------------------------+
; Parameter Settings for User Entity Instance: divclk:DIV1k ;
+----------------+-------+----------------------------------+
; Parameter Name ; Value ; Type                             ;
+----------------+-------+----------------------------------+
; BIT_SZ         ; 16    ; Signed Integer                   ;
+----------------+-------+----------------------------------+
Note: In order to hide this table in the UI and the text report file, please set the "Show Parameter Settings in Synthesis Report" option in "Analysis and Synthesis Settings -> More Settings" to "Off".


+------------------------------------------------------------+
; Parameter Settings for User Entity Instance: LFSR_7:comb_6 ;
+----------------+---------+---------------------------------+
; Parameter Name ; Value   ; Type                            ;
+----------------+---------+---------------------------------+
; INITX          ; 0000001 ; Unsigned Binary                 ;
+----------------+---------+---------------------------------+
Note: In order to hide this table in the UI and the text report file, please set the "Show Parameter Settings in Synthesis Report" option in "Analysis and Synthesis Settings -> More Settings" to "Off".


+---------------------------------------------+
; Port Connectivity Checks: "hex_2_7seg:SEG1" ;
+-------+-------+----------+------------------+
; Port  ; Type  ; Severity ; Details          ;
+-------+-------+----------+------------------+
; in[3] ; Input ; Info     ; Stuck at GND     ;
+-------+-------+----------+------------------+


+---------------------------------------------+
; Port Connectivity Checks: "divclk:DIV1k"    ;
+-----------+-------+----------+--------------+
; Port      ; Type  ; Severity ; Details      ;
+-----------+-------+----------+--------------+
; k[9..5]   ; Input ; Info     ; Stuck at VCC ;
; k[15..10] ; Input ; Info     ; Stuck at GND ;
; k[2..0]   ; Input ; Info     ; Stuck at GND ;
; k[4]      ; Input ; Info     ; Stuck at GND ;
; k[3]      ; Input ; Info     ; Stuck at VCC ;
+-----------+-------+----------+--------------+


+---------------------------------------------+
; Port Connectivity Checks: "divclk:DIV50k"   ;
+-----------+-------+----------+--------------+
; Port      ; Type  ; Severity ; Details      ;
+-----------+-------+----------+--------------+
; k[15..14] ; Input ; Info     ; Stuck at VCC ;
; k[9..8]   ; Input ; Info     ; Stuck at VCC ;
; k[13..10] ; Input ; Info     ; Stuck at GND ;
; k[3..0]   ; Input ; Info     ; Stuck at GND ;
; k[7]      ; Input ; Info     ; Stuck at GND ;
; k[6]      ; Input ; Info     ; Stuck at VCC ;
; k[5]      ; Input ; Info     ; Stuck at GND ;
; k[4]      ; Input ; Info     ; Stuck at VCC ;
+-----------+-------+----------+--------------+


+-----------------------------------------------------+
; Post-Synthesis Netlist Statistics for Top Partition ;
+-----------------------+-----------------------------+
; Type                  ; Count                       ;
+-----------------------+-----------------------------+
; arriav_ff             ; 42                          ;
;     ENA               ; 6                           ;
;     SCLR              ; 20                          ;
;     plain             ; 16                          ;
; arriav_lcell_comb     ; 65                          ;
;     arith             ; 32                          ;
;         1 data inputs ; 32                          ;
;     normal            ; 33                          ;
;         1 data inputs ; 1                           ;
;         2 data inputs ; 6                           ;
;         3 data inputs ; 8                           ;
;         4 data inputs ; 9                           ;
;         5 data inputs ; 9                           ;
; boundary_port         ; 20                          ;
;                       ;                             ;
; Max LUT depth         ; 2.50                        ;
; Average LUT depth     ; 1.84                        ;
+-----------------------+-----------------------------+


+-------------------------------+
; Elapsed Time Per Partition    ;
+----------------+--------------+
; Partition Name ; Elapsed Time ;
+----------------+--------------+
; Top            ; 00:00:00     ;
+----------------+--------------+


+-------------------------------+
; Analysis & Synthesis Messages ;
+-------------------------------+
Info: *******************************************************************
Info: Running Quartus Prime Analysis & Synthesis
    Info: Version 18.1.0 Build 625 09/12/2018 SJ Lite Edition
    Info: Processing started: Sat Dec 01 19:28:52 2018
Info: Command: quartus_map --read_settings_files=on --write_settings_files=off ex7 -c ex7_top
Warning (18236): Number of processors has not been specified which may cause overloading on shared machines.  Set the global assignment NUM_PARALLEL_PROCESSORS in your QSF to an appropriate value for best performance.
Info (20030): Parallel compilation is enabled and will use 4 of the 4 processors detected
Info (12021): Found 1 design units, including 1 entities, in source file /onedrive - imperial college london/uni/year2/eelab/veri/part_2/lib/hex_2_7seg.v
    Info (12023): Found entity 1: hex_2_7seg File: E:/OneDrive - Imperial College London/uni/year2/EELab/VERI/part_2/lib/hex_2_7seg.v Line: 1
Info (12021): Found 1 design units, including 1 entities, in source file ex7_top.v
    Info (12023): Found entity 1: ex7_top File: E:/OneDrive - Imperial College London/uni/year2/EELab/VERI/part_2/ex7/ex7_top.v Line: 1
Info (12021): Found 1 design units, including 1 entities, in source file lfsr_7.v
    Info (12023): Found entity 1: LFSR_7 File: E:/OneDrive - Imperial College London/uni/year2/EELab/VERI/part_2/ex7/LFSR_7.v Line: 6
Info (12021): Found 1 design units, including 1 entities, in source file /onedrive - imperial college london/uni/year2/eelab/veri/part_2/lib/counter_16.v
    Info (12023): Found entity 1: counter_16 File: E:/OneDrive - Imperial College London/uni/year2/EELab/VERI/part_2/lib/counter_16.v Line: 3
Info (12021): Found 1 design units, including 1 entities, in source file /onedrive - imperial college london/uni/year2/eelab/veri/part_2/lib/divclk.v
    Info (12023): Found entity 1: divclk File: E:/OneDrive - Imperial College London/uni/year2/EELab/VERI/part_2/lib/divclk.v Line: 3
Critical Warning (10846): Verilog HDL Instantiation warning at ex7_top.v(29): instance has no name File: E:/OneDrive - Imperial College London/uni/year2/EELab/VERI/part_2/ex7/ex7_top.v Line: 29
Info (12127): Elaborating entity "ex7_top" for the top level hierarchy
Info (12128): Elaborating entity "divclk" for hierarchy "divclk:DIV50k" File: E:/OneDrive - Imperial College London/uni/year2/EELab/VERI/part_2/ex7/ex7_top.v Line: 20
Info (12128): Elaborating entity "LFSR_7" for hierarchy "LFSR_7:comb_6" File: E:/OneDrive - Imperial College London/uni/year2/EELab/VERI/part_2/ex7/ex7_top.v Line: 29
Info (12128): Elaborating entity "hex_2_7seg" for hierarchy "hex_2_7seg:SEG0" File: E:/OneDrive - Imperial College London/uni/year2/EELab/VERI/part_2/ex7/ex7_top.v Line: 31
Info (286030): Timing-Driven Synthesis is running
Info (144001): Generated suppressed messages file E:/OneDrive - Imperial College London/uni/year2/EELab/VERI/part_2/ex7/output_files/ex7_top.map.smsg
Info (16010): Generating hard_block partition "hard_block:auto_generated_inst"
    Info (16011): Adding 0 node(s), including 0 DDIO, 0 PLL, 0 transceiver and 0 LCELL
Warning (21074): Design contains 2 input pin(s) that do not drive logic
    Warning (15610): No output dependent on input pin "KEY[1]" File: E:/OneDrive - Imperial College London/uni/year2/EELab/VERI/part_2/ex7/ex7_top.v Line: 10
    Warning (15610): No output dependent on input pin "KEY[2]" File: E:/OneDrive - Imperial College London/uni/year2/EELab/VERI/part_2/ex7/ex7_top.v Line: 10
Info (21057): Implemented 86 device resources after synthesis - the final resource count might be different
    Info (21058): Implemented 6 input pins
    Info (21059): Implemented 14 output pins
    Info (21061): Implemented 66 logic cells
Info: Quartus Prime Analysis & Synthesis was successful. 0 errors, 5 warnings
    Info: Peak virtual memory: 4843 megabytes
    Info: Processing ended: Sat Dec 01 19:29:01 2018
    Info: Elapsed time: 00:00:09
    Info: Total CPU time (on all processors): 00:00:19


+------------------------------------------+
; Analysis & Synthesis Suppressed Messages ;
+------------------------------------------+
The suppressed messages can be found in E:/OneDrive - Imperial College London/uni/year2/EELab/VERI/part_2/ex7/output_files/ex7_top.map.smsg.


