Analysis & Synthesis report for ex8_top
Sun Dec 02 13:19:55 2018
Quartus Prime Version 18.1.0 Build 625 09/12/2018 SJ Lite Edition


---------------------
; Table of Contents ;
---------------------
  1. Legal Notice
  2. Analysis & Synthesis Summary
  3. Analysis & Synthesis Settings
  4. Parallel Compilation
  5. Analysis & Synthesis Source Files Read
  6. Analysis & Synthesis Resource Usage Summary
  7. Analysis & Synthesis Resource Utilization by Entity
  8. State Machine - |ex8_top|state
  9. General Register Statistics
 10. Inverted Register Statistics
 11. Multiplexer Restructuring Statistics (Restructuring Performed)
 12. Parameter Settings for User Entity Instance: Top-level Entity: |ex8_top
 13. Port Connectivity Checks: "bin2bcd_16:B2B|add3_ge5:A31"
 14. Port Connectivity Checks: "bin2bcd_16:B2B|add3_ge5:A19"
 15. Port Connectivity Checks: "bin2bcd_16:B2B|add3_ge5:A10"
 16. Port Connectivity Checks: "bin2bcd_16:B2B|add3_ge5:A4"
 17. Port Connectivity Checks: "bin2bcd_16:B2B|add3_ge5:A1"
 18. Port Connectivity Checks: "bin2bcd_16:B2B"
 19. Port Connectivity Checks: "clkdiv_16:div500"
 20. Port Connectivity Checks: "clkdiv_16:div50000"
 21. Post-Synthesis Netlist Statistics for Top Partition
 22. Elapsed Time Per Partition
 23. Analysis & Synthesis Messages
 24. Analysis & Synthesis Suppressed Messages



----------------
; Legal Notice ;
----------------
Copyright (C) 2018  Intel Corporation. All rights reserved.
Your use of Intel Corporation's design tools, logic functions 
and other software and tools, and its AMPP partner logic 
functions, and any output files from any of the foregoing 
(including device programming or simulation files), and any 
associated documentation or information are expressly subject 
to the terms and conditions of the Intel Program License 
Subscription Agreement, the Intel Quartus Prime License Agreement,
the Intel FPGA IP License Agreement, or other applicable license
agreement, including, without limitation, that your use is for
the sole purpose of programming logic devices manufactured by
Intel and sold by Intel or its authorized distributors.  Please
refer to the applicable agreement for further details.



+-------------------------------------------------------------------------------+
; Analysis & Synthesis Summary                                                  ;
+---------------------------------+---------------------------------------------+
; Analysis & Synthesis Status     ; Successful - Sun Dec 02 13:19:55 2018       ;
; Quartus Prime Version           ; 18.1.0 Build 625 09/12/2018 SJ Lite Edition ;
; Revision Name                   ; ex8_top                                     ;
; Top-level Entity Name           ; ex8_top                                     ;
; Family                          ; Cyclone V                                   ;
; Logic utilization (in ALMs)     ; N/A                                         ;
; Total registers                 ; 80                                          ;
; Total pins                      ; 47                                          ;
; Total virtual pins              ; 0                                           ;
; Total block memory bits         ; 0                                           ;
; Total DSP Blocks                ; 0                                           ;
; Total HSSI RX PCSs              ; 0                                           ;
; Total HSSI PMA RX Deserializers ; 0                                           ;
; Total HSSI TX PCSs              ; 0                                           ;
; Total HSSI PMA TX Serializers   ; 0                                           ;
; Total PLLs                      ; 0                                           ;
; Total DLLs                      ; 0                                           ;
+---------------------------------+---------------------------------------------+


+---------------------------------------------------------------------------------------------------------------------------+
; Analysis & Synthesis Settings                                                                                             ;
+---------------------------------------------------------------------------------+--------------------+--------------------+
; Option                                                                          ; Setting            ; Default Value      ;
+---------------------------------------------------------------------------------+--------------------+--------------------+
; Device                                                                          ; 5CSEMA5F31C6       ;                    ;
; Top-level entity name                                                           ; ex8_top            ; ex8_top            ;
; Family name                                                                     ; Cyclone V          ; Cyclone V          ;
; Use smart compilation                                                           ; Off                ; Off                ;
; Enable parallel Assembler and Timing Analyzer during compilation                ; On                 ; On                 ;
; Enable compact report table                                                     ; Off                ; Off                ;
; Restructure Multiplexers                                                        ; Auto               ; Auto               ;
; MLAB Add Timing Constraints For Mixed-Port Feed-Through Mode Setting Don't Care ; Off                ; Off                ;
; Create Debugging Nodes for IP Cores                                             ; Off                ; Off                ;
; Preserve fewer node names                                                       ; On                 ; On                 ;
; Intel FPGA IP Evaluation Mode                                                   ; Enable             ; Enable             ;
; Verilog Version                                                                 ; Verilog_2001       ; Verilog_2001       ;
; VHDL Version                                                                    ; VHDL_1993          ; VHDL_1993          ;
; State Machine Processing                                                        ; Auto               ; Auto               ;
; Safe State Machine                                                              ; Off                ; Off                ;
; Extract Verilog State Machines                                                  ; On                 ; On                 ;
; Extract VHDL State Machines                                                     ; On                 ; On                 ;
; Ignore Verilog initial constructs                                               ; Off                ; Off                ;
; Iteration limit for constant Verilog loops                                      ; 5000               ; 5000               ;
; Iteration limit for non-constant Verilog loops                                  ; 250                ; 250                ;
; Add Pass-Through Logic to Inferred RAMs                                         ; On                 ; On                 ;
; Infer RAMs from Raw Logic                                                       ; On                 ; On                 ;
; Parallel Synthesis                                                              ; On                 ; On                 ;
; DSP Block Balancing                                                             ; Auto               ; Auto               ;
; NOT Gate Push-Back                                                              ; On                 ; On                 ;
; Power-Up Don't Care                                                             ; On                 ; On                 ;
; Remove Redundant Logic Cells                                                    ; Off                ; Off                ;
; Remove Duplicate Registers                                                      ; On                 ; On                 ;
; Ignore CARRY Buffers                                                            ; Off                ; Off                ;
; Ignore CASCADE Buffers                                                          ; Off                ; Off                ;
; Ignore GLOBAL Buffers                                                           ; Off                ; Off                ;
; Ignore ROW GLOBAL Buffers                                                       ; Off                ; Off                ;
; Ignore LCELL Buffers                                                            ; Off                ; Off                ;
; Ignore SOFT Buffers                                                             ; On                 ; On                 ;
; Limit AHDL Integers to 32 Bits                                                  ; Off                ; Off                ;
; Optimization Technique                                                          ; Balanced           ; Balanced           ;
; Carry Chain Length                                                              ; 70                 ; 70                 ;
; Auto Carry Chains                                                               ; On                 ; On                 ;
; Auto Open-Drain Pins                                                            ; On                 ; On                 ;
; Perform WYSIWYG Primitive Resynthesis                                           ; Off                ; Off                ;
; Auto ROM Replacement                                                            ; On                 ; On                 ;
; Auto RAM Replacement                                                            ; On                 ; On                 ;
; Auto DSP Block Replacement                                                      ; On                 ; On                 ;
; Auto Shift Register Replacement                                                 ; Auto               ; Auto               ;
; Allow Shift Register Merging across Hierarchies                                 ; Auto               ; Auto               ;
; Auto Clock Enable Replacement                                                   ; On                 ; On                 ;
; Strict RAM Replacement                                                          ; Off                ; Off                ;
; Allow Synchronous Control Signals                                               ; On                 ; On                 ;
; Force Use of Synchronous Clear Signals                                          ; Off                ; Off                ;
; Auto Resource Sharing                                                           ; Off                ; Off                ;
; Allow Any RAM Size For Recognition                                              ; Off                ; Off                ;
; Allow Any ROM Size For Recognition                                              ; Off                ; Off                ;
; Allow Any Shift Register Size For Recognition                                   ; Off                ; Off                ;
; Use LogicLock Constraints during Resource Balancing                             ; On                 ; On                 ;
; Ignore translate_off and synthesis_off directives                               ; Off                ; Off                ;
; Timing-Driven Synthesis                                                         ; On                 ; On                 ;
; Report Parameter Settings                                                       ; On                 ; On                 ;
; Report Source Assignments                                                       ; On                 ; On                 ;
; Report Connectivity Checks                                                      ; On                 ; On                 ;
; Ignore Maximum Fan-Out Assignments                                              ; Off                ; Off                ;
; Synchronization Register Chain Length                                           ; 3                  ; 3                  ;
; Power Optimization During Synthesis                                             ; Normal compilation ; Normal compilation ;
; HDL message level                                                               ; Level2             ; Level2             ;
; Suppress Register Optimization Related Messages                                 ; Off                ; Off                ;
; Number of Removed Registers Reported in Synthesis Report                        ; 5000               ; 5000               ;
; Number of Swept Nodes Reported in Synthesis Report                              ; 5000               ; 5000               ;
; Number of Inverted Registers Reported in Synthesis Report                       ; 100                ; 100                ;
; Clock MUX Protection                                                            ; On                 ; On                 ;
; Auto Gated Clock Conversion                                                     ; Off                ; Off                ;
; Block Design Naming                                                             ; Auto               ; Auto               ;
; SDC constraint protection                                                       ; Off                ; Off                ;
; Synthesis Effort                                                                ; Auto               ; Auto               ;
; Shift Register Replacement - Allow Asynchronous Clear Signal                    ; On                 ; On                 ;
; Pre-Mapping Resynthesis Optimization                                            ; Off                ; Off                ;
; Analysis & Synthesis Message Level                                              ; Medium             ; Medium             ;
; Disable Register Merging Across Hierarchies                                     ; Auto               ; Auto               ;
; Resource Aware Inference For Block RAM                                          ; On                 ; On                 ;
; Automatic Parallel Synthesis                                                    ; On                 ; On                 ;
; Partial Reconfiguration Bitstream ID                                            ; Off                ; Off                ;
+---------------------------------------------------------------------------------+--------------------+--------------------+


+------------------------------------------+
; Parallel Compilation                     ;
+----------------------------+-------------+
; Processors                 ; Number      ;
+----------------------------+-------------+
; Number detected on machine ; 8           ;
; Maximum allowed            ; 4           ;
;                            ;             ;
; Average used               ; 1.00        ;
; Maximum used               ; 4           ;
;                            ;             ;
; Usage by Processor         ; % Time Used ;
;     Processor 1            ; 100.0%      ;
;     Processors 2-4         ;   0.0%      ;
+----------------------------+-------------+


+----------------------------------------------------------------------------------------------------------------------------------------------------------------------------+
; Analysis & Synthesis Source Files Read                                                                                                                                     ;
+----------------------------------+-----------------+------------------------+------------------------------------------------------------------------------------+---------+
; File Name with User-Entered Path ; Used in Netlist ; File Type              ; File Name with Absolute Path                                                       ; Library ;
+----------------------------------+-----------------+------------------------+------------------------------------------------------------------------------------+---------+
; ../lib/hex_2_7seg.v              ; yes             ; User Verilog HDL File  ; E:/OneDrive - Imperial College London/uni/year2/EELab/VERI/part_2/lib/hex_2_7seg.v ;         ;
; ../lib/bin2bcd_16.v              ; yes             ; User Verilog HDL File  ; E:/OneDrive - Imperial College London/uni/year2/EELab/VERI/part_2/lib/bin2bcd_16.v ;         ;
; ../lib/add3_ge5.v                ; yes             ; User Verilog HDL File  ; E:/OneDrive - Imperial College London/uni/year2/EELab/VERI/part_2/lib/add3_ge5.v   ;         ;
; clkdiv_16.v                      ; yes             ; User Verilog HDL File  ; E:/OneDrive - Imperial College London/uni/year2/EELab/VERI/part_2/ex8/clkdiv_16.v  ;         ;
; ex8_top.v                        ; yes             ; User Verilog HDL File  ; E:/OneDrive - Imperial College London/uni/year2/EELab/VERI/part_2/ex8/ex8_top.v    ;         ;
+----------------------------------+-----------------+------------------------+------------------------------------------------------------------------------------+---------+


+----------------------------------------------------------------------+
; Analysis & Synthesis Resource Usage Summary                          ;
+---------------------------------------------+------------------------+
; Resource                                    ; Usage                  ;
+---------------------------------------------+------------------------+
; Estimate of Logic utilization (ALMs needed) ; 104                    ;
;                                             ;                        ;
; Combinational ALUT usage for logic          ; 167                    ;
;     -- 7 input functions                    ; 0                      ;
;     -- 6 input functions                    ; 38                     ;
;     -- 5 input functions                    ; 14                     ;
;     -- 4 input functions                    ; 53                     ;
;     -- <=3 input functions                  ; 62                     ;
;                                             ;                        ;
; Dedicated logic registers                   ; 80                     ;
;                                             ;                        ;
; I/O pins                                    ; 47                     ;
;                                             ;                        ;
; Total DSP Blocks                            ; 0                      ;
;                                             ;                        ;
; Maximum fan-out node                        ; clkdiv_16:div50000|out ;
; Maximum fan-out                             ; 62                     ;
; Total fan-out                               ; 977                    ;
; Average fan-out                             ; 2.87                   ;
+---------------------------------------------+------------------------+


+---------------------------------------------------------------------------------------------------------------------------------------------------------------------------------------------------------+
; Analysis & Synthesis Resource Utilization by Entity                                                                                                                                                     ;
+----------------------------+---------------------+---------------------------+-------------------+------------+------+--------------+--------------------------------------+-------------+--------------+
; Compilation Hierarchy Node ; Combinational ALUTs ; Dedicated Logic Registers ; Block Memory Bits ; DSP Blocks ; Pins ; Virtual Pins ; Full Hierarchy Name                  ; Entity Name ; Library Name ;
+----------------------------+---------------------+---------------------------+-------------------+------------+------+--------------+--------------------------------------+-------------+--------------+
; |ex8_top                   ; 167 (40)            ; 80 (44)                   ; 0                 ; 0          ; 47   ; 0            ; |ex8_top                             ; ex8_top     ; work         ;
;    |bin2bcd_16:B2B|        ; 64 (0)              ; 0 (0)                     ; 0                 ; 0          ; 0    ; 0            ; |ex8_top|bin2bcd_16:B2B              ; bin2bcd_16  ; work         ;
;       |add3_ge5:A11|       ; 4 (4)               ; 0 (0)                     ; 0                 ; 0          ; 0    ; 0            ; |ex8_top|bin2bcd_16:B2B|add3_ge5:A11 ; add3_ge5    ; work         ;
;       |add3_ge5:A12|       ; 4 (4)               ; 0 (0)                     ; 0                 ; 0          ; 0    ; 0            ; |ex8_top|bin2bcd_16:B2B|add3_ge5:A12 ; add3_ge5    ; work         ;
;       |add3_ge5:A14|       ; 4 (4)               ; 0 (0)                     ; 0                 ; 0          ; 0    ; 0            ; |ex8_top|bin2bcd_16:B2B|add3_ge5:A14 ; add3_ge5    ; work         ;
;       |add3_ge5:A15|       ; 1 (1)               ; 0 (0)                     ; 0                 ; 0          ; 0    ; 0            ; |ex8_top|bin2bcd_16:B2B|add3_ge5:A15 ; add3_ge5    ; work         ;
;       |add3_ge5:A16|       ; 1 (1)               ; 0 (0)                     ; 0                 ; 0          ; 0    ; 0            ; |ex8_top|bin2bcd_16:B2B|add3_ge5:A16 ; add3_ge5    ; work         ;
;       |add3_ge5:A17|       ; 4 (4)               ; 0 (0)                     ; 0                 ; 0          ; 0    ; 0            ; |ex8_top|bin2bcd_16:B2B|add3_ge5:A17 ; add3_ge5    ; work         ;
;       |add3_ge5:A18|       ; 1 (1)               ; 0 (0)                     ; 0                 ; 0          ; 0    ; 0            ; |ex8_top|bin2bcd_16:B2B|add3_ge5:A18 ; add3_ge5    ; work         ;
;       |add3_ge5:A20|       ; 4 (4)               ; 0 (0)                     ; 0                 ; 0          ; 0    ; 0            ; |ex8_top|bin2bcd_16:B2B|add3_ge5:A20 ; add3_ge5    ; work         ;
;       |add3_ge5:A21|       ; 4 (4)               ; 0 (0)                     ; 0                 ; 0          ; 0    ; 0            ; |ex8_top|bin2bcd_16:B2B|add3_ge5:A21 ; add3_ge5    ; work         ;
;       |add3_ge5:A22|       ; 1 (1)               ; 0 (0)                     ; 0                 ; 0          ; 0    ; 0            ; |ex8_top|bin2bcd_16:B2B|add3_ge5:A22 ; add3_ge5    ; work         ;
;       |add3_ge5:A24|       ; 4 (4)               ; 0 (0)                     ; 0                 ; 0          ; 0    ; 0            ; |ex8_top|bin2bcd_16:B2B|add3_ge5:A24 ; add3_ge5    ; work         ;
;       |add3_ge5:A25|       ; 4 (4)               ; 0 (0)                     ; 0                 ; 0          ; 0    ; 0            ; |ex8_top|bin2bcd_16:B2B|add3_ge5:A25 ; add3_ge5    ; work         ;
;       |add3_ge5:A26|       ; 1 (1)               ; 0 (0)                     ; 0                 ; 0          ; 0    ; 0            ; |ex8_top|bin2bcd_16:B2B|add3_ge5:A26 ; add3_ge5    ; work         ;
;       |add3_ge5:A28|       ; 4 (4)               ; 0 (0)                     ; 0                 ; 0          ; 0    ; 0            ; |ex8_top|bin2bcd_16:B2B|add3_ge5:A28 ; add3_ge5    ; work         ;
;       |add3_ge5:A29|       ; 4 (4)               ; 0 (0)                     ; 0                 ; 0          ; 0    ; 0            ; |ex8_top|bin2bcd_16:B2B|add3_ge5:A29 ; add3_ge5    ; work         ;
;       |add3_ge5:A30|       ; 1 (1)               ; 0 (0)                     ; 0                 ; 0          ; 0    ; 0            ; |ex8_top|bin2bcd_16:B2B|add3_ge5:A30 ; add3_ge5    ; work         ;
;       |add3_ge5:A32|       ; 1 (1)               ; 0 (0)                     ; 0                 ; 0          ; 0    ; 0            ; |ex8_top|bin2bcd_16:B2B|add3_ge5:A32 ; add3_ge5    ; work         ;
;       |add3_ge5:A33|       ; 1 (1)               ; 0 (0)                     ; 0                 ; 0          ; 0    ; 0            ; |ex8_top|bin2bcd_16:B2B|add3_ge5:A33 ; add3_ge5    ; work         ;
;       |add3_ge5:A34|       ; 1 (1)               ; 0 (0)                     ; 0                 ; 0          ; 0    ; 0            ; |ex8_top|bin2bcd_16:B2B|add3_ge5:A34 ; add3_ge5    ; work         ;
;       |add3_ge5:A35|       ; 1 (1)               ; 0 (0)                     ; 0                 ; 0          ; 0    ; 0            ; |ex8_top|bin2bcd_16:B2B|add3_ge5:A35 ; add3_ge5    ; work         ;
;       |add3_ge5:A3|        ; 1 (1)               ; 0 (0)                     ; 0                 ; 0          ; 0    ; 0            ; |ex8_top|bin2bcd_16:B2B|add3_ge5:A3  ; add3_ge5    ; work         ;
;       |add3_ge5:A5|        ; 4 (4)               ; 0 (0)                     ; 0                 ; 0          ; 0    ; 0            ; |ex8_top|bin2bcd_16:B2B|add3_ge5:A5  ; add3_ge5    ; work         ;
;       |add3_ge5:A7|        ; 4 (4)               ; 0 (0)                     ; 0                 ; 0          ; 0    ; 0            ; |ex8_top|bin2bcd_16:B2B|add3_ge5:A7  ; add3_ge5    ; work         ;
;       |add3_ge5:A8|        ; 1 (1)               ; 0 (0)                     ; 0                 ; 0          ; 0    ; 0            ; |ex8_top|bin2bcd_16:B2B|add3_ge5:A8  ; add3_ge5    ; work         ;
;       |add3_ge5:A9|        ; 4 (4)               ; 0 (0)                     ; 0                 ; 0          ; 0    ; 0            ; |ex8_top|bin2bcd_16:B2B|add3_ge5:A9  ; add3_ge5    ; work         ;
;    |clkdiv_16:div50000|    ; 21 (21)             ; 18 (18)                   ; 0                 ; 0          ; 0    ; 0            ; |ex8_top|clkdiv_16:div50000          ; clkdiv_16   ; work         ;
;    |clkdiv_16:div500|      ; 21 (21)             ; 18 (18)                   ; 0                 ; 0          ; 0    ; 0            ; |ex8_top|clkdiv_16:div500            ; clkdiv_16   ; work         ;
;    |hex_2_7seg:SEG1|       ; 7 (7)               ; 0 (0)                     ; 0                 ; 0          ; 0    ; 0            ; |ex8_top|hex_2_7seg:SEG1             ; hex_2_7seg  ; work         ;
;    |hex_2_7seg:SEG2|       ; 7 (7)               ; 0 (0)                     ; 0                 ; 0          ; 0    ; 0            ; |ex8_top|hex_2_7seg:SEG2             ; hex_2_7seg  ; work         ;
;    |hex_2_7seg:SEG3|       ; 7 (7)               ; 0 (0)                     ; 0                 ; 0          ; 0    ; 0            ; |ex8_top|hex_2_7seg:SEG3             ; hex_2_7seg  ; work         ;
+----------------------------+---------------------+---------------------------+-------------------+------------+------+--------------+--------------------------------------+-------------+--------------+
Note: For table entries with two numbers listed, the numbers in parentheses indicate the number of resources of the given type used by the specific entity alone. The numbers listed outside of parentheses indicate the total resources of the given type used by the specific entity and all of its sub-entities in the hierarchy.


Encoding Type:  One-Hot
+--------------------------------------------------------------+
; State Machine - |ex8_top|state                               ;
+-----------------+----------+-----------------+---------------+
; Name            ; state.00 ; state.WAITDELAY ; state.LIGHTUP ;
+-----------------+----------+-----------------+---------------+
; state.00        ; 0        ; 0               ; 0             ;
; state.LIGHTUP   ; 1        ; 0               ; 1             ;
; state.WAITDELAY ; 1        ; 1               ; 0             ;
+-----------------+----------+-----------------+---------------+


+------------------------------------------------------+
; General Register Statistics                          ;
+----------------------------------------------+-------+
; Statistic                                    ; Value ;
+----------------------------------------------+-------+
; Total registers                              ; 80    ;
; Number of registers using Synchronous Clear  ; 30    ;
; Number of registers using Synchronous Load   ; 15    ;
; Number of registers using Asynchronous Clear ; 0     ;
; Number of registers using Asynchronous Load  ; 0     ;
; Number of registers using Clock Enable       ; 35    ;
; Number of registers using Preset             ; 0     ;
+----------------------------------------------+-------+


+--------------------------------------------------+
; Inverted Register Statistics                     ;
+----------------------------------------+---------+
; Inverted Register                      ; Fan out ;
+----------------------------------------+---------+
; rand[1]                                ; 4       ;
; Total number of inverted registers = 1 ;         ;
+----------------------------------------+---------+


+------------------------------------------------------------------------------------------------------------------------------------------+
; Multiplexer Restructuring Statistics (Restructuring Performed)                                                                           ;
+--------------------+-----------+---------------+----------------------+------------------------+------------+----------------------------+
; Multiplexer Inputs ; Bus Width ; Baseline Area ; Area if Restructured ; Saving if Restructured ; Registered ; Example Multiplexer Output ;
+--------------------+-----------+---------------+----------------------+------------------------+------------+----------------------------+
; 3:1                ; 7 bits    ; 14 LEs        ; 7 LEs                ; 7 LEs                  ; Yes        ; |ex8_top|countdown[5]      ;
; 3:1                ; 7 bits    ; 14 LEs        ; 7 LEs                ; 7 LEs                  ; Yes        ; |ex8_top|countdown[10]     ;
; 5:1                ; 8 bits    ; 24 LEs        ; 0 LEs                ; 24 LEs                 ; Yes        ; |ex8_top|ledbuff[3]        ;
; 6:1                ; 3 bits    ; 12 LEs        ; 6 LEs                ; 6 LEs                  ; No         ; |ex8_top|Selector2         ;
+--------------------+-----------+---------------+----------------------+------------------------+------------+----------------------------+


+-------------------------------------------------------------------------+
; Parameter Settings for User Entity Instance: Top-level Entity: |ex8_top ;
+----------------+-------+------------------------------------------------+
; Parameter Name ; Value ; Type                                           ;
+----------------+-------+------------------------------------------------+
; OFF            ; 00    ; Unsigned Binary                                ;
; LIGHTUP        ; 01    ; Unsigned Binary                                ;
; WAITDELAY      ; 10    ; Unsigned Binary                                ;
+----------------+-------+------------------------------------------------+
Note: In order to hide this table in the UI and the text report file, please set the "Show Parameter Settings in Synthesis Report" option in "Analysis and Synthesis Settings -> More Settings" to "Off".


+-----------------------------------------------------------------------------------------------------------------+
; Port Connectivity Checks: "bin2bcd_16:B2B|add3_ge5:A31"                                                         ;
+-------+--------+----------+-------------------------------------------------------------------------------------+
; Port  ; Type   ; Severity ; Details                                                                             ;
+-------+--------+----------+-------------------------------------------------------------------------------------+
; iW[3] ; Input  ; Info     ; Stuck at GND                                                                        ;
; oA[3] ; Output ; Info     ; Connected to dangling logic. Logic that only feeds a dangling port will be removed. ;
+-------+--------+----------+-------------------------------------------------------------------------------------+


+---------------------------------------------------------+
; Port Connectivity Checks: "bin2bcd_16:B2B|add3_ge5:A19" ;
+-------+-------+----------+------------------------------+
; Port  ; Type  ; Severity ; Details                      ;
+-------+-------+----------+------------------------------+
; iW[3] ; Input ; Info     ; Stuck at GND                 ;
+-------+-------+----------+------------------------------+


+---------------------------------------------------------+
; Port Connectivity Checks: "bin2bcd_16:B2B|add3_ge5:A10" ;
+-------+-------+----------+------------------------------+
; Port  ; Type  ; Severity ; Details                      ;
+-------+-------+----------+------------------------------+
; iW[3] ; Input ; Info     ; Stuck at GND                 ;
+-------+-------+----------+------------------------------+


+--------------------------------------------------------+
; Port Connectivity Checks: "bin2bcd_16:B2B|add3_ge5:A4" ;
+-------+-------+----------+-----------------------------+
; Port  ; Type  ; Severity ; Details                     ;
+-------+-------+----------+-----------------------------+
; iW[3] ; Input ; Info     ; Stuck at GND                ;
+-------+-------+----------+-----------------------------+


+--------------------------------------------------------+
; Port Connectivity Checks: "bin2bcd_16:B2B|add3_ge5:A1" ;
+-------+-------+----------+-----------------------------+
; Port  ; Type  ; Severity ; Details                     ;
+-------+-------+----------+-----------------------------+
; iW[3] ; Input ; Info     ; Stuck at GND                ;
+-------+-------+----------+-----------------------------+


+---------------------------------------------+
; Port Connectivity Checks: "bin2bcd_16:B2B"  ;
+-----------+-------+----------+--------------+
; Port      ; Type  ; Severity ; Details      ;
+-----------+-------+----------+--------------+
; B[6..3]   ; Input ; Info     ; Stuck at VCC ;
; B[15..14] ; Input ; Info     ; Stuck at GND ;
; B[2]      ; Input ; Info     ; Stuck at GND ;
; B[1]      ; Input ; Info     ; Stuck at VCC ;
; B[0]      ; Input ; Info     ; Stuck at GND ;
+-----------+-------+----------+--------------+


+----------------------------------------------+
; Port Connectivity Checks: "clkdiv_16:div500" ;
+------------+-------+----------+--------------+
; Port       ; Type  ; Severity ; Details      ;
+------------+-------+----------+--------------+
; num[8..4]  ; Input ; Info     ; Stuck at VCC ;
; num[15..9] ; Input ; Info     ; Stuck at GND ;
; num[1..0]  ; Input ; Info     ; Stuck at GND ;
; num[3]     ; Input ; Info     ; Stuck at GND ;
; num[2]     ; Input ; Info     ; Stuck at VCC ;
+------------+-------+----------+--------------+


+------------------------------------------------+
; Port Connectivity Checks: "clkdiv_16:div50000" ;
+-------------+-------+----------+---------------+
; Port        ; Type  ; Severity ; Details       ;
+-------------+-------+----------+---------------+
; num[15..14] ; Input ; Info     ; Stuck at VCC  ;
; num[9..8]   ; Input ; Info     ; Stuck at VCC  ;
; num[13..10] ; Input ; Info     ; Stuck at GND  ;
; num[3..0]   ; Input ; Info     ; Stuck at GND  ;
; num[7]      ; Input ; Info     ; Stuck at GND  ;
; num[6]      ; Input ; Info     ; Stuck at VCC  ;
; num[5]      ; Input ; Info     ; Stuck at GND  ;
; num[4]      ; Input ; Info     ; Stuck at VCC  ;
+-------------+-------+----------+---------------+


+-----------------------------------------------------+
; Post-Synthesis Netlist Statistics for Top Partition ;
+-----------------------+-----------------------------+
; Type                  ; Count                       ;
+-----------------------+-----------------------------+
; arriav_ff             ; 80                          ;
;     ENA               ; 13                          ;
;     ENA SCLR          ; 8                           ;
;     ENA SLD           ; 14                          ;
;     SCLR              ; 22                          ;
;     SLD               ; 1                           ;
;     plain             ; 22                          ;
; arriav_lcell_comb     ; 169                         ;
;     arith             ; 48                          ;
;         1 data inputs ; 48                          ;
;     normal            ; 121                         ;
;         0 data inputs ; 1                           ;
;         1 data inputs ; 5                           ;
;         2 data inputs ; 1                           ;
;         3 data inputs ; 9                           ;
;         4 data inputs ; 53                          ;
;         5 data inputs ; 14                          ;
;         6 data inputs ; 38                          ;
; boundary_port         ; 47                          ;
;                       ;                             ;
; Max LUT depth         ; 11.00                       ;
; Average LUT depth     ; 4.58                        ;
+-----------------------+-----------------------------+


+-------------------------------+
; Elapsed Time Per Partition    ;
+----------------+--------------+
; Partition Name ; Elapsed Time ;
+----------------+--------------+
; Top            ; 00:00:00     ;
+----------------+--------------+


+-------------------------------+
; Analysis & Synthesis Messages ;
+-------------------------------+
Info: *******************************************************************
Info: Running Quartus Prime Analysis & Synthesis
    Info: Version 18.1.0 Build 625 09/12/2018 SJ Lite Edition
    Info: Processing started: Sun Dec 02 13:19:46 2018
Info: Command: quartus_map --read_settings_files=on --write_settings_files=off ex8 -c ex8_top
Warning (18236): Number of processors has not been specified which may cause overloading on shared machines.  Set the global assignment NUM_PARALLEL_PROCESSORS in your QSF to an appropriate value for best performance.
Info (20030): Parallel compilation is enabled and will use 4 of the 4 processors detected
Info (12021): Found 1 design units, including 1 entities, in source file /onedrive - imperial college london/uni/year2/eelab/veri/part_2/lib/hex_2_7seg.v
    Info (12023): Found entity 1: hex_2_7seg File: E:/OneDrive - Imperial College London/uni/year2/EELab/VERI/part_2/lib/hex_2_7seg.v Line: 1
Info (12021): Found 1 design units, including 1 entities, in source file /onedrive - imperial college london/uni/year2/eelab/veri/part_2/lib/bin2bcd_16.v
    Info (12023): Found entity 1: bin2bcd_16 File: E:/OneDrive - Imperial College London/uni/year2/EELab/VERI/part_2/lib/bin2bcd_16.v Line: 12
Info (12021): Found 1 design units, including 1 entities, in source file /onedrive - imperial college london/uni/year2/eelab/veri/part_2/lib/add3_ge5.v
    Info (12023): Found entity 1: add3_ge5 File: E:/OneDrive - Imperial College London/uni/year2/EELab/VERI/part_2/lib/add3_ge5.v Line: 9
Info (12021): Found 1 design units, including 1 entities, in source file clkdiv_16.v
    Info (12023): Found entity 1: clkdiv_16 File: E:/OneDrive - Imperial College London/uni/year2/EELab/VERI/part_2/ex8/clkdiv_16.v Line: 1
Warning (10463): Verilog HDL Declaration warning at ex8_top.v(18): "rand" is SystemVerilog-2005 keyword File: E:/OneDrive - Imperial College London/uni/year2/EELab/VERI/part_2/ex8/ex8_top.v Line: 18
Warning (10229): Verilog HDL Expression warning at ex8_top.v(89): truncated literal to match 7 bits File: E:/OneDrive - Imperial College London/uni/year2/EELab/VERI/part_2/ex8/ex8_top.v Line: 89
Warning (10229): Verilog HDL Expression warning at ex8_top.v(106): truncated literal to match 7 bits File: E:/OneDrive - Imperial College London/uni/year2/EELab/VERI/part_2/ex8/ex8_top.v Line: 106
Info (12021): Found 1 design units, including 1 entities, in source file ex8_top.v
    Info (12023): Found entity 1: ex8_top File: E:/OneDrive - Imperial College London/uni/year2/EELab/VERI/part_2/ex8/ex8_top.v Line: 1
Info (12127): Elaborating entity "ex8_top" for the top level hierarchy
Info (12128): Elaborating entity "clkdiv_16" for hierarchy "clkdiv_16:div50000" File: E:/OneDrive - Imperial College London/uni/year2/EELab/VERI/part_2/ex8/ex8_top.v Line: 24
Info (12128): Elaborating entity "bin2bcd_16" for hierarchy "bin2bcd_16:B2B" File: E:/OneDrive - Imperial College London/uni/year2/EELab/VERI/part_2/ex8/ex8_top.v Line: 106
Info (12128): Elaborating entity "add3_ge5" for hierarchy "bin2bcd_16:B2B|add3_ge5:A1" File: E:/OneDrive - Imperial College London/uni/year2/EELab/VERI/part_2/lib/bin2bcd_16.v Line: 26
Info (12128): Elaborating entity "hex_2_7seg" for hierarchy "hex_2_7seg:SEG0" File: E:/OneDrive - Imperial College London/uni/year2/EELab/VERI/part_2/ex8/ex8_top.v Line: 107
Info (286030): Timing-Driven Synthesis is running
Info (144001): Generated suppressed messages file E:/OneDrive - Imperial College London/uni/year2/EELab/VERI/part_2/ex8/output_files/ex8_top.map.smsg
Info (16010): Generating hard_block partition "hard_block:auto_generated_inst"
    Info (16011): Adding 0 node(s), including 0 DDIO, 0 PLL, 0 transceiver and 0 LCELL
Info (21057): Implemented 235 device resources after synthesis - the final resource count might be different
    Info (21058): Implemented 2 input pins
    Info (21059): Implemented 45 output pins
    Info (21061): Implemented 188 logic cells
Info: Quartus Prime Analysis & Synthesis was successful. 0 errors, 4 warnings
    Info: Peak virtual memory: 4844 megabytes
    Info: Processing ended: Sun Dec 02 13:19:55 2018
    Info: Elapsed time: 00:00:09
    Info: Total CPU time (on all processors): 00:00:20


+------------------------------------------+
; Analysis & Synthesis Suppressed Messages ;
+------------------------------------------+
The suppressed messages can be found in E:/OneDrive - Imperial College London/uni/year2/EELab/VERI/part_2/ex8/output_files/ex8_top.map.smsg.


