Analysis & Synthesis report for ex13_top
Tue Dec 04 13:23:38 2018
Quartus Prime Version 16.0.0 Build 211 04/27/2016 SJ Standard Edition


---------------------
; Table of Contents ;
---------------------
  1. Legal Notice
  2. Analysis & Synthesis Summary
  3. Analysis & Synthesis Settings
  4. Parallel Compilation
  5. Analysis & Synthesis Source Files Read
  6. Analysis & Synthesis Resource Usage Summary
  7. Analysis & Synthesis Resource Utilization by Entity
  8. Analysis & Synthesis RAM Summary
  9. State Machine - |ex13_top|spi2dac:SPI1|sr_state
 10. Registers Removed During Synthesis
 11. Removed Registers Triggering Further Register Optimizations
 12. General Register Statistics
 13. Multiplexer Restructuring Statistics (Restructuring Performed)
 14. Source assignments for rom:SINWAVE|altsyncram:altsyncram_component|altsyncram_95i1:auto_generated
 15. Parameter Settings for User Entity Instance: divclk:DIV
 16. Parameter Settings for User Entity Instance: counter_10:COUNTER1
 17. Parameter Settings for User Entity Instance: rom:SINWAVE|altsyncram:altsyncram_component
 18. Parameter Settings for User Entity Instance: spi2dac:SPI1
 19. altsyncram Parameter Settings by Entity Instance
 20. Port Connectivity Checks: "counter_10:COUNTER1"
 21. Port Connectivity Checks: "divclk:DIV"
 22. Post-Synthesis Netlist Statistics for Top Partition
 23. Elapsed Time Per Partition
 24. Analysis & Synthesis Messages



----------------
; Legal Notice ;
----------------
Copyright (C) 1991-2016 Altera Corporation. All rights reserved.
Your use of Altera Corporation's design tools, logic functions 
and other software and tools, and its AMPP partner logic 
functions, and any output files from any of the foregoing 
(including device programming or simulation files), and any 
associated documentation or information are expressly subject 
to the terms and conditions of the Altera Program License 
Subscription Agreement, the Altera Quartus Prime License Agreement,
the Altera MegaCore Function License Agreement, or other 
applicable license agreement, including, without limitation, 
that your use is for the sole purpose of programming logic 
devices manufactured by Altera and sold by Altera or its 
authorized distributors.  Please refer to the applicable 
agreement for further details.



+-----------------------------------------------------------------------------------+
; Analysis & Synthesis Summary                                                      ;
+---------------------------------+-------------------------------------------------+
; Analysis & Synthesis Status     ; Successful - Tue Dec 04 13:23:38 2018           ;
; Quartus Prime Version           ; 16.0.0 Build 211 04/27/2016 SJ Standard Edition ;
; Revision Name                   ; ex13_top                                        ;
; Top-level Entity Name           ; ex13_top                                        ;
; Family                          ; Cyclone V                                       ;
; Logic utilization (in ALMs)     ; N/A                                             ;
; Total registers                 ; 77                                              ;
; Total pins                      ; 6                                               ;
; Total virtual pins              ; 0                                               ;
; Total block memory bits         ; 10,240                                          ;
; Total DSP Blocks                ; 0                                               ;
; Total HSSI RX PCSs              ; 0                                               ;
; Total HSSI PMA RX Deserializers ; 0                                               ;
; Total HSSI TX PCSs              ; 0                                               ;
; Total HSSI PMA TX Serializers   ; 0                                               ;
; Total PLLs                      ; 0                                               ;
; Total DLLs                      ; 0                                               ;
+---------------------------------+-------------------------------------------------+


+---------------------------------------------------------------------------------------------------------------------------+
; Analysis & Synthesis Settings                                                                                             ;
+---------------------------------------------------------------------------------+--------------------+--------------------+
; Option                                                                          ; Setting            ; Default Value      ;
+---------------------------------------------------------------------------------+--------------------+--------------------+
; Device                                                                          ; 5CSEMA5F31C6       ;                    ;
; Top-level entity name                                                           ; ex13_top           ; ex13_top           ;
; Family name                                                                     ; Cyclone V          ; Cyclone V          ;
; Use smart compilation                                                           ; Off                ; Off                ;
; Enable parallel Assembler and TimeQuest Timing Analyzer during compilation      ; On                 ; On                 ;
; Enable compact report table                                                     ; Off                ; Off                ;
; Restructure Multiplexers                                                        ; Auto               ; Auto               ;
; MLAB Add Timing Constraints For Mixed-Port Feed-Through Mode Setting Don't Care ; Off                ; Off                ;
; Create Debugging Nodes for IP Cores                                             ; Off                ; Off                ;
; Preserve fewer node names                                                       ; On                 ; On                 ;
; Disable OpenCore Plus hardware evaluation                                       ; Off                ; Off                ;
; Verilog Version                                                                 ; Verilog_2001       ; Verilog_2001       ;
; VHDL Version                                                                    ; VHDL_1993          ; VHDL_1993          ;
; State Machine Processing                                                        ; Auto               ; Auto               ;
; Safe State Machine                                                              ; Off                ; Off                ;
; Extract Verilog State Machines                                                  ; On                 ; On                 ;
; Extract VHDL State Machines                                                     ; On                 ; On                 ;
; Ignore Verilog initial constructs                                               ; Off                ; Off                ;
; Iteration limit for constant Verilog loops                                      ; 5000               ; 5000               ;
; Iteration limit for non-constant Verilog loops                                  ; 250                ; 250                ;
; Add Pass-Through Logic to Inferred RAMs                                         ; On                 ; On                 ;
; Infer RAMs from Raw Logic                                                       ; On                 ; On                 ;
; Parallel Synthesis                                                              ; On                 ; On                 ;
; DSP Block Balancing                                                             ; Auto               ; Auto               ;
; NOT Gate Push-Back                                                              ; On                 ; On                 ;
; Power-Up Don't Care                                                             ; On                 ; On                 ;
; Remove Redundant Logic Cells                                                    ; Off                ; Off                ;
; Remove Duplicate Registers                                                      ; On                 ; On                 ;
; Ignore CARRY Buffers                                                            ; Off                ; Off                ;
; Ignore CASCADE Buffers                                                          ; Off                ; Off                ;
; Ignore GLOBAL Buffers                                                           ; Off                ; Off                ;
; Ignore ROW GLOBAL Buffers                                                       ; Off                ; Off                ;
; Ignore LCELL Buffers                                                            ; Off                ; Off                ;
; Ignore SOFT Buffers                                                             ; On                 ; On                 ;
; Limit AHDL Integers to 32 Bits                                                  ; Off                ; Off                ;
; Optimization Technique                                                          ; Balanced           ; Balanced           ;
; Carry Chain Length                                                              ; 70                 ; 70                 ;
; Auto Carry Chains                                                               ; On                 ; On                 ;
; Auto Open-Drain Pins                                                            ; On                 ; On                 ;
; Perform WYSIWYG Primitive Resynthesis                                           ; Off                ; Off                ;
; Auto ROM Replacement                                                            ; On                 ; On                 ;
; Auto RAM Replacement                                                            ; On                 ; On                 ;
; Auto DSP Block Replacement                                                      ; On                 ; On                 ;
; Auto Shift Register Replacement                                                 ; Auto               ; Auto               ;
; Allow Shift Register Merging across Hierarchies                                 ; Auto               ; Auto               ;
; Auto Clock Enable Replacement                                                   ; On                 ; On                 ;
; Strict RAM Replacement                                                          ; Off                ; Off                ;
; Allow Synchronous Control Signals                                               ; On                 ; On                 ;
; Force Use of Synchronous Clear Signals                                          ; Off                ; Off                ;
; Auto Resource Sharing                                                           ; Off                ; Off                ;
; Allow Any RAM Size For Recognition                                              ; Off                ; Off                ;
; Allow Any ROM Size For Recognition                                              ; Off                ; Off                ;
; Allow Any Shift Register Size For Recognition                                   ; Off                ; Off                ;
; Use LogicLock Constraints during Resource Balancing                             ; On                 ; On                 ;
; Ignore translate_off and synthesis_off directives                               ; Off                ; Off                ;
; Timing-Driven Synthesis                                                         ; On                 ; On                 ;
; Report Parameter Settings                                                       ; On                 ; On                 ;
; Report Source Assignments                                                       ; On                 ; On                 ;
; Report Connectivity Checks                                                      ; On                 ; On                 ;
; Ignore Maximum Fan-Out Assignments                                              ; Off                ; Off                ;
; Synchronization Register Chain Length                                           ; 3                  ; 3                  ;
; PowerPlay Power Optimization During Synthesis                                   ; Normal compilation ; Normal compilation ;
; HDL message level                                                               ; Level2             ; Level2             ;
; Suppress Register Optimization Related Messages                                 ; Off                ; Off                ;
; Number of Removed Registers Reported in Synthesis Report                        ; 5000               ; 5000               ;
; Number of Swept Nodes Reported in Synthesis Report                              ; 5000               ; 5000               ;
; Number of Inverted Registers Reported in Synthesis Report                       ; 100                ; 100                ;
; Clock MUX Protection                                                            ; On                 ; On                 ;
; Auto Gated Clock Conversion                                                     ; Off                ; Off                ;
; Block Design Naming                                                             ; Auto               ; Auto               ;
; SDC constraint protection                                                       ; Off                ; Off                ;
; Synthesis Effort                                                                ; Auto               ; Auto               ;
; Shift Register Replacement - Allow Asynchronous Clear Signal                    ; On                 ; On                 ;
; Pre-Mapping Resynthesis Optimization                                            ; Off                ; Off                ;
; Analysis & Synthesis Message Level                                              ; Medium             ; Medium             ;
; Disable Register Merging Across Hierarchies                                     ; Auto               ; Auto               ;
; Resource Aware Inference For Block RAM                                          ; On                 ; On                 ;
; Synthesis Seed                                                                  ; 1                  ; 1                  ;
; Automatic Parallel Synthesis                                                    ; On                 ; On                 ;
; Partial Reconfiguration Bitstream ID                                            ; Off                ; Off                ;
+---------------------------------------------------------------------------------+--------------------+--------------------+


+------------------------------------------+
; Parallel Compilation                     ;
+----------------------------+-------------+
; Processors                 ; Number      ;
+----------------------------+-------------+
; Number detected on machine ; 8           ;
; Maximum allowed            ; 4           ;
;                            ;             ;
; Average used               ; 1.00        ;
; Maximum used               ; 4           ;
;                            ;             ;
; Usage by Processor         ; % Time Used ;
;     Processor 1            ; 100.0%      ;
;     Processors 2-4         ;   0.0%      ;
+----------------------------+-------------+


+------------------------------------------------------------------------------------------------------------------------------------------------------------------------------+
; Analysis & Synthesis Source Files Read                                                                                                                                       ;
+----------------------------------+-----------------+----------------------------------------+----------------------------------------------------------------------+---------+
; File Name with User-Entered Path ; Used in Netlist ; File Type                              ; File Name with Absolute Path                                         ; Library ;
+----------------------------------+-----------------+----------------------------------------+----------------------------------------------------------------------+---------+
; ../lib/rom.v                     ; yes             ; User Wizard-Generated File             ; H:/VERI/part_3/lib/rom.v                                             ;         ;
; counter_10.v                     ; yes             ; User Verilog HDL File                  ; H:/VERI/part_3/ex13/counter_10.v                                     ;         ;
; ../lib/spi2dac.v                 ; yes             ; User Verilog HDL File                  ; H:/VERI/part_3/lib/spi2dac.v                                         ;         ;
; ../lib/pwm.v                     ; yes             ; User Verilog HDL File                  ; H:/VERI/part_3/lib/pwm.v                                             ;         ;
; ../lib/divclk.v                  ; yes             ; User Verilog HDL File                  ; H:/VERI/part_3/lib/divclk.v                                          ;         ;
; ex13_top.v                       ; yes             ; User Verilog HDL File                  ; H:/VERI/part_3/ex13/ex13_top.v                                       ;         ;
; altsyncram.tdf                   ; yes             ; Megafunction                           ; c:/altera/16.0/quartus/libraries/megafunctions/altsyncram.tdf        ;         ;
; stratix_ram_block.inc            ; yes             ; Megafunction                           ; c:/altera/16.0/quartus/libraries/megafunctions/stratix_ram_block.inc ;         ;
; lpm_mux.inc                      ; yes             ; Megafunction                           ; c:/altera/16.0/quartus/libraries/megafunctions/lpm_mux.inc           ;         ;
; lpm_decode.inc                   ; yes             ; Megafunction                           ; c:/altera/16.0/quartus/libraries/megafunctions/lpm_decode.inc        ;         ;
; aglobal160.inc                   ; yes             ; Megafunction                           ; c:/altera/16.0/quartus/libraries/megafunctions/aglobal160.inc        ;         ;
; a_rdenreg.inc                    ; yes             ; Megafunction                           ; c:/altera/16.0/quartus/libraries/megafunctions/a_rdenreg.inc         ;         ;
; altrom.inc                       ; yes             ; Megafunction                           ; c:/altera/16.0/quartus/libraries/megafunctions/altrom.inc            ;         ;
; altram.inc                       ; yes             ; Megafunction                           ; c:/altera/16.0/quartus/libraries/megafunctions/altram.inc            ;         ;
; altdpram.inc                     ; yes             ; Megafunction                           ; c:/altera/16.0/quartus/libraries/megafunctions/altdpram.inc          ;         ;
; db/altsyncram_95i1.tdf           ; yes             ; Auto-Generated Megafunction            ; H:/VERI/part_3/ex13/db/altsyncram_95i1.tdf                           ;         ;
; ../lib/rom_data.mif              ; yes             ; Auto-Found Memory Initialization File  ; H:/VERI/part_3/lib/rom_data.mif                                      ;         ;
+----------------------------------+-----------------+----------------------------------------+----------------------------------------------------------------------+---------+


+--------------------------------------------------------------+
; Analysis & Synthesis Resource Usage Summary                  ;
+---------------------------------------------+----------------+
; Resource                                    ; Usage          ;
+---------------------------------------------+----------------+
; Estimate of Logic utilization (ALMs needed) ; 45             ;
;                                             ;                ;
; Combinational ALUT usage for logic          ; 74             ;
;     -- 7 input functions                    ; 0              ;
;     -- 6 input functions                    ; 5              ;
;     -- 5 input functions                    ; 17             ;
;     -- 4 input functions                    ; 14             ;
;     -- <=3 input functions                  ; 38             ;
;                                             ;                ;
; Dedicated logic registers                   ; 77             ;
;                                             ;                ;
; I/O pins                                    ; 6              ;
; Total MLAB memory bits                      ; 0              ;
; Total block memory bits                     ; 10240          ;
;                                             ;                ;
; Total DSP Blocks                            ; 0              ;
;                                             ;                ;
; Maximum fan-out node                        ; CLOCK_50~input ;
; Maximum fan-out                             ; 77             ;
; Total fan-out                               ; 588            ;
; Average fan-out                             ; 3.40           ;
+---------------------------------------------+----------------+


+-------------------------------------------------------------------------------------------------------------------------------------------------------------------------------------------------------------------------------------------------------------+
; Analysis & Synthesis Resource Utilization by Entity                                                                                                                                                                                                         ;
+-------------------------------------------+-------------------+--------------+-------------------+------------+------+--------------+--------------------------------------------------------------------------------------+-----------------+--------------+
; Compilation Hierarchy Node                ; LC Combinationals ; LC Registers ; Block Memory Bits ; DSP Blocks ; Pins ; Virtual Pins ; Full Hierarchy Name                                                                  ; Entity Name     ; Library Name ;
+-------------------------------------------+-------------------+--------------+-------------------+------------+------+--------------+--------------------------------------------------------------------------------------+-----------------+--------------+
; |ex13_top                                 ; 74 (0)            ; 77 (0)       ; 10240             ; 0          ; 6    ; 0            ; |ex13_top                                                                            ; ex13_top        ; work         ;
;    |counter_10:COUNTER1|                  ; 10 (10)           ; 10 (10)      ; 0                 ; 0          ; 0    ; 0            ; |ex13_top|counter_10:COUNTER1                                                        ; counter_10      ; work         ;
;    |divclk:DIV|                           ; 20 (20)           ; 17 (17)      ; 0                 ; 0          ; 0    ; 0            ; |ex13_top|divclk:DIV                                                                 ; divclk          ; work         ;
;    |pwm:PWM1|                             ; 19 (19)           ; 21 (21)      ; 0                 ; 0          ; 0    ; 0            ; |ex13_top|pwm:PWM1                                                                   ; pwm             ; work         ;
;    |rom:SINWAVE|                          ; 0 (0)             ; 0 (0)        ; 10240             ; 0          ; 0    ; 0            ; |ex13_top|rom:SINWAVE                                                                ; rom             ; work         ;
;       |altsyncram:altsyncram_component|   ; 0 (0)             ; 0 (0)        ; 10240             ; 0          ; 0    ; 0            ; |ex13_top|rom:SINWAVE|altsyncram:altsyncram_component                                ; altsyncram      ; work         ;
;          |altsyncram_95i1:auto_generated| ; 0 (0)             ; 0 (0)        ; 10240             ; 0          ; 0    ; 0            ; |ex13_top|rom:SINWAVE|altsyncram:altsyncram_component|altsyncram_95i1:auto_generated ; altsyncram_95i1 ; work         ;
;    |spi2dac:SPI1|                         ; 25 (25)           ; 29 (29)      ; 0                 ; 0          ; 0    ; 0            ; |ex13_top|spi2dac:SPI1                                                               ; spi2dac         ; work         ;
+-------------------------------------------+-------------------+--------------+-------------------+------------+------+--------------+--------------------------------------------------------------------------------------+-----------------+--------------+
Note: For table entries with two numbers listed, the numbers in parentheses indicate the number of resources of the given type used by the specific entity alone. The numbers listed outside of parentheses indicate the total resources of the given type used by the specific entity and all of its sub-entities in the hierarchy.


+-----------------------------------------------------------------------------------------------------------------------------------------------------------------------------------------------------+
; Analysis & Synthesis RAM Summary                                                                                                                                                                    ;
+---------------------------------------------------------------------------------------+------------+------+--------------+--------------+--------------+--------------+-------+---------------------+
; Name                                                                                  ; Type       ; Mode ; Port A Depth ; Port A Width ; Port B Depth ; Port B Width ; Size  ; MIF                 ;
+---------------------------------------------------------------------------------------+------------+------+--------------+--------------+--------------+--------------+-------+---------------------+
; rom:SINWAVE|altsyncram:altsyncram_component|altsyncram_95i1:auto_generated|ALTSYNCRAM ; M10K block ; ROM  ; 1024         ; 10           ; --           ; --           ; 10240 ; ../lib/rom_data.mif ;
+---------------------------------------------------------------------------------------+------------+------+--------------+--------------+--------------+--------------+-------+---------------------+


Encoding Type:  One-Hot
+------------------------------------------------------------------------------------------+
; State Machine - |ex13_top|spi2dac:SPI1|sr_state                                          ;
+------------------------+---------------+------------------------+------------------------+
; Name                   ; sr_state.IDLE ; sr_state.WAIT_CSB_HIGH ; sr_state.WAIT_CSB_FALL ;
+------------------------+---------------+------------------------+------------------------+
; sr_state.IDLE          ; 0             ; 0                      ; 0                      ;
; sr_state.WAIT_CSB_FALL ; 1             ; 0                      ; 1                      ;
; sr_state.WAIT_CSB_HIGH ; 1             ; 1                      ; 0                      ;
+------------------------+---------------+------------------------+------------------------+


+--------------------------------------------------------------------------------+
; Registers Removed During Synthesis                                             ;
+---------------------------------------+----------------------------------------+
; Register name                         ; Reason for Removal                     ;
+---------------------------------------+----------------------------------------+
; spi2dac:SPI1|shift_reg[0,1]           ; Stuck at GND due to stuck port data_in ;
; Total Number of Removed Registers = 2 ;                                        ;
+---------------------------------------+----------------------------------------+


+------------------------------------------------------------------------------------------------+
; Removed Registers Triggering Further Register Optimizations                                    ;
+---------------------------+---------------------------+----------------------------------------+
; Register name             ; Reason for Removal        ; Registers Removed due to This Register ;
+---------------------------+---------------------------+----------------------------------------+
; spi2dac:SPI1|shift_reg[0] ; Stuck at GND              ; spi2dac:SPI1|shift_reg[1]              ;
;                           ; due to stuck port data_in ;                                        ;
+---------------------------+---------------------------+----------------------------------------+


+------------------------------------------------------+
; General Register Statistics                          ;
+----------------------------------------------+-------+
; Statistic                                    ; Value ;
+----------------------------------------------+-------+
; Total registers                              ; 77    ;
; Number of registers using Synchronous Clear  ; 11    ;
; Number of registers using Synchronous Load   ; 9     ;
; Number of registers using Asynchronous Clear ; 0     ;
; Number of registers using Asynchronous Load  ; 0     ;
; Number of registers using Clock Enable       ; 38    ;
; Number of registers using Preset             ; 0     ;
+----------------------------------------------+-------+


+----------------------------------------------------------------------------------------------------------------------------------------------------+
; Multiplexer Restructuring Statistics (Restructuring Performed)                                                                                     ;
+--------------------+-----------+---------------+----------------------+------------------------+------------+--------------------------------------+
; Multiplexer Inputs ; Bus Width ; Baseline Area ; Area if Restructured ; Saving if Restructured ; Registered ; Example Multiplexer Output           ;
+--------------------+-----------+---------------+----------------------+------------------------+------------+--------------------------------------+
; 3:1                ; 3 bits    ; 6 LEs         ; 3 LEs                ; 3 LEs                  ; Yes        ; |ex13_top|spi2dac:SPI1|shift_reg[13] ;
; 3:1                ; 9 bits    ; 18 LEs        ; 0 LEs                ; 18 LEs                 ; Yes        ; |ex13_top|spi2dac:SPI1|shift_reg[11] ;
; 6:1                ; 3 bits    ; 12 LEs        ; 6 LEs                ; 6 LEs                  ; No         ; |ex13_top|spi2dac:SPI1|Selector2     ;
+--------------------+-----------+---------------+----------------------+------------------------+------------+--------------------------------------+


+---------------------------------------------------------------------------------------------------+
; Source assignments for rom:SINWAVE|altsyncram:altsyncram_component|altsyncram_95i1:auto_generated ;
+---------------------------------+--------------------+------+-------------------------------------+
; Assignment                      ; Value              ; From ; To                                  ;
+---------------------------------+--------------------+------+-------------------------------------+
; OPTIMIZE_POWER_DURING_SYNTHESIS ; NORMAL_COMPILATION ; -    ; -                                   ;
+---------------------------------+--------------------+------+-------------------------------------+


+---------------------------------------------------------+
; Parameter Settings for User Entity Instance: divclk:DIV ;
+----------------+-------+--------------------------------+
; Parameter Name ; Value ; Type                           ;
+----------------+-------+--------------------------------+
; BIT_SZ         ; 16    ; Signed Integer                 ;
+----------------+-------+--------------------------------+
Note: In order to hide this table in the UI and the text report file, please set the "Show Parameter Settings in Synthesis Report" option in "Analysis and Synthesis Settings -> More Settings" to "Off".


+------------------------------------------------------------------+
; Parameter Settings for User Entity Instance: counter_10:COUNTER1 ;
+----------------+-------+-----------------------------------------+
; Parameter Name ; Value ; Type                                    ;
+----------------+-------+-----------------------------------------+
; BIT_SZ         ; 10    ; Signed Integer                          ;
+----------------+-------+-----------------------------------------+
Note: In order to hide this table in the UI and the text report file, please set the "Show Parameter Settings in Synthesis Report" option in "Analysis and Synthesis Settings -> More Settings" to "Off".


+------------------------------------------------------------------------------------------+
; Parameter Settings for User Entity Instance: rom:SINWAVE|altsyncram:altsyncram_component ;
+------------------------------------+----------------------+------------------------------+
; Parameter Name                     ; Value                ; Type                         ;
+------------------------------------+----------------------+------------------------------+
; BYTE_SIZE_BLOCK                    ; 8                    ; Untyped                      ;
; AUTO_CARRY_CHAINS                  ; ON                   ; AUTO_CARRY                   ;
; IGNORE_CARRY_BUFFERS               ; OFF                  ; IGNORE_CARRY                 ;
; AUTO_CASCADE_CHAINS                ; ON                   ; AUTO_CASCADE                 ;
; IGNORE_CASCADE_BUFFERS             ; OFF                  ; IGNORE_CASCADE               ;
; WIDTH_BYTEENA                      ; 1                    ; Untyped                      ;
; OPERATION_MODE                     ; ROM                  ; Untyped                      ;
; WIDTH_A                            ; 10                   ; Signed Integer               ;
; WIDTHAD_A                          ; 10                   ; Signed Integer               ;
; NUMWORDS_A                         ; 1024                 ; Signed Integer               ;
; OUTDATA_REG_A                      ; CLOCK0               ; Untyped                      ;
; ADDRESS_ACLR_A                     ; NONE                 ; Untyped                      ;
; OUTDATA_ACLR_A                     ; NONE                 ; Untyped                      ;
; WRCONTROL_ACLR_A                   ; NONE                 ; Untyped                      ;
; INDATA_ACLR_A                      ; NONE                 ; Untyped                      ;
; BYTEENA_ACLR_A                     ; NONE                 ; Untyped                      ;
; WIDTH_B                            ; 1                    ; Untyped                      ;
; WIDTHAD_B                          ; 1                    ; Untyped                      ;
; NUMWORDS_B                         ; 1                    ; Untyped                      ;
; INDATA_REG_B                       ; CLOCK1               ; Untyped                      ;
; WRCONTROL_WRADDRESS_REG_B          ; CLOCK1               ; Untyped                      ;
; RDCONTROL_REG_B                    ; CLOCK1               ; Untyped                      ;
; ADDRESS_REG_B                      ; CLOCK1               ; Untyped                      ;
; OUTDATA_REG_B                      ; UNREGISTERED         ; Untyped                      ;
; BYTEENA_REG_B                      ; CLOCK1               ; Untyped                      ;
; INDATA_ACLR_B                      ; NONE                 ; Untyped                      ;
; WRCONTROL_ACLR_B                   ; NONE                 ; Untyped                      ;
; ADDRESS_ACLR_B                     ; NONE                 ; Untyped                      ;
; OUTDATA_ACLR_B                     ; NONE                 ; Untyped                      ;
; RDCONTROL_ACLR_B                   ; NONE                 ; Untyped                      ;
; BYTEENA_ACLR_B                     ; NONE                 ; Untyped                      ;
; WIDTH_BYTEENA_A                    ; 1                    ; Signed Integer               ;
; WIDTH_BYTEENA_B                    ; 1                    ; Untyped                      ;
; RAM_BLOCK_TYPE                     ; M10K                 ; Untyped                      ;
; BYTE_SIZE                          ; 8                    ; Untyped                      ;
; READ_DURING_WRITE_MODE_MIXED_PORTS ; DONT_CARE            ; Untyped                      ;
; READ_DURING_WRITE_MODE_PORT_A      ; NEW_DATA_NO_NBE_READ ; Untyped                      ;
; READ_DURING_WRITE_MODE_PORT_B      ; NEW_DATA_NO_NBE_READ ; Untyped                      ;
; INIT_FILE                          ; ../lib/rom_data.mif  ; Untyped                      ;
; INIT_FILE_LAYOUT                   ; PORT_A               ; Untyped                      ;
; MAXIMUM_DEPTH                      ; 0                    ; Untyped                      ;
; CLOCK_ENABLE_INPUT_A               ; BYPASS               ; Untyped                      ;
; CLOCK_ENABLE_INPUT_B               ; NORMAL               ; Untyped                      ;
; CLOCK_ENABLE_OUTPUT_A              ; BYPASS               ; Untyped                      ;
; CLOCK_ENABLE_OUTPUT_B              ; NORMAL               ; Untyped                      ;
; CLOCK_ENABLE_CORE_A                ; USE_INPUT_CLKEN      ; Untyped                      ;
; CLOCK_ENABLE_CORE_B                ; USE_INPUT_CLKEN      ; Untyped                      ;
; ENABLE_ECC                         ; FALSE                ; Untyped                      ;
; ECC_PIPELINE_STAGE_ENABLED         ; FALSE                ; Untyped                      ;
; WIDTH_ECCSTATUS                    ; 3                    ; Untyped                      ;
; DEVICE_FAMILY                      ; Cyclone V            ; Untyped                      ;
; CBXI_PARAMETER                     ; altsyncram_95i1      ; Untyped                      ;
+------------------------------------+----------------------+------------------------------+
Note: In order to hide this table in the UI and the text report file, please set the "Show Parameter Settings in Synthesis Report" option in "Analysis and Synthesis Settings -> More Settings" to "Off".


+-----------------------------------------------------------+
; Parameter Settings for User Entity Instance: spi2dac:SPI1 ;
+----------------+-------+----------------------------------+
; Parameter Name ; Value ; Type                             ;
+----------------+-------+----------------------------------+
; BUF            ; 1     ; Unsigned Binary                  ;
; GA_N           ; 1     ; Unsigned Binary                  ;
; SHDN_N         ; 1     ; Unsigned Binary                  ;
; TC             ; 11000 ; Unsigned Binary                  ;
; IDLE           ; 00    ; Unsigned Binary                  ;
; WAIT_CSB_FALL  ; 01    ; Unsigned Binary                  ;
; WAIT_CSB_HIGH  ; 10    ; Unsigned Binary                  ;
+----------------+-------+----------------------------------+
Note: In order to hide this table in the UI and the text report file, please set the "Show Parameter Settings in Synthesis Report" option in "Analysis and Synthesis Settings -> More Settings" to "Off".


+-----------------------------------------------------------------------------------------+
; altsyncram Parameter Settings by Entity Instance                                        ;
+-------------------------------------------+---------------------------------------------+
; Name                                      ; Value                                       ;
+-------------------------------------------+---------------------------------------------+
; Number of entity instances                ; 1                                           ;
; Entity Instance                           ; rom:SINWAVE|altsyncram:altsyncram_component ;
;     -- OPERATION_MODE                     ; ROM                                         ;
;     -- WIDTH_A                            ; 10                                          ;
;     -- NUMWORDS_A                         ; 1024                                        ;
;     -- OUTDATA_REG_A                      ; CLOCK0                                      ;
;     -- WIDTH_B                            ; 1                                           ;
;     -- NUMWORDS_B                         ; 1                                           ;
;     -- ADDRESS_REG_B                      ; CLOCK1                                      ;
;     -- OUTDATA_REG_B                      ; UNREGISTERED                                ;
;     -- RAM_BLOCK_TYPE                     ; M10K                                        ;
;     -- READ_DURING_WRITE_MODE_MIXED_PORTS ; DONT_CARE                                   ;
+-------------------------------------------+---------------------------------------------+


+-------------------------------------------------+
; Port Connectivity Checks: "counter_10:COUNTER1" ;
+-------+-------+----------+----------------------+
; Port  ; Type  ; Severity ; Details              ;
+-------+-------+----------+----------------------+
; reset ; Input ; Info     ; Stuck at GND         ;
+-------+-------+----------+----------------------+


+---------------------------------------------+
; Port Connectivity Checks: "divclk:DIV"      ;
+-----------+-------+----------+--------------+
; Port      ; Type  ; Severity ; Details      ;
+-----------+-------+----------+--------------+
; k[9..7]   ; Input ; Info     ; Stuck at VCC ;
; k[15..13] ; Input ; Info     ; Stuck at GND ;
; k[11..10] ; Input ; Info     ; Stuck at GND ;
; k[6..4]   ; Input ; Info     ; Stuck at GND ;
; k[2..0]   ; Input ; Info     ; Stuck at GND ;
; k[12]     ; Input ; Info     ; Stuck at VCC ;
; k[3]      ; Input ; Info     ; Stuck at VCC ;
+-----------+-------+----------+--------------+


+-----------------------------------------------------+
; Post-Synthesis Netlist Statistics for Top Partition ;
+-----------------------+-----------------------------+
; Type                  ; Count                       ;
+-----------------------+-----------------------------+
; arriav_ff             ; 77                          ;
;     ENA               ; 29                          ;
;     ENA SLD           ; 9                           ;
;     SCLR              ; 11                          ;
;     plain             ; 28                          ;
; arriav_lcell_comb     ; 76                          ;
;     arith             ; 34                          ;
;         1 data inputs ; 32                          ;
;         2 data inputs ; 2                           ;
;     normal            ; 42                          ;
;         1 data inputs ; 4                           ;
;         3 data inputs ; 2                           ;
;         4 data inputs ; 14                          ;
;         5 data inputs ; 17                          ;
;         6 data inputs ; 5                           ;
; boundary_port         ; 6                           ;
; stratixv_ram_block    ; 10                          ;
;                       ;                             ;
; Max LUT depth         ; 3.00                        ;
; Average LUT depth     ; 1.66                        ;
+-----------------------+-----------------------------+


+-------------------------------+
; Elapsed Time Per Partition    ;
+----------------+--------------+
; Partition Name ; Elapsed Time ;
+----------------+--------------+
; Top            ; 00:00:00     ;
+----------------+--------------+


+-------------------------------+
; Analysis & Synthesis Messages ;
+-------------------------------+
Info: *******************************************************************
Info: Running Quartus Prime Analysis & Synthesis
    Info: Version 16.0.0 Build 211 04/27/2016 SJ Standard Edition
    Info: Processing started: Tue Dec 04 13:23:26 2018
Info: Command: quartus_map --read_settings_files=on --write_settings_files=off ex13 -c ex13_top
Warning (18236): Number of processors has not been specified which may cause overloading on shared machines.  Set the global assignment NUM_PARALLEL_PROCESSORS in your QSF to an appropriate value for best performance.
Info (20030): Parallel compilation is enabled and will use 4 of the 4 processors detected
Info (12021): Found 1 design units, including 1 entities, in source file /veri/part_3/lib/rom.v
    Info (12023): Found entity 1: rom File: H:/VERI/part_3/lib/rom.v Line: 39
Info (12021): Found 1 design units, including 1 entities, in source file counter_10.v
    Info (12023): Found entity 1: counter_10 File: H:/VERI/part_3/ex13/counter_10.v Line: 3
Info (12021): Found 1 design units, including 1 entities, in source file /veri/part_3/lib/spi2dac.v
    Info (12023): Found entity 1: spi2dac File: H:/VERI/part_3/lib/spi2dac.v Line: 9
Info (12021): Found 1 design units, including 1 entities, in source file /veri/part_3/lib/spi2adc.v
    Info (12023): Found entity 1: spi2adc File: H:/VERI/part_3/lib/spi2adc.v Line: 9
Info (12021): Found 1 design units, including 1 entities, in source file /veri/part_3/lib/pwm.v
    Info (12023): Found entity 1: pwm File: H:/VERI/part_3/lib/pwm.v Line: 1
Info (12021): Found 1 design units, including 1 entities, in source file /veri/part_3/lib/hex_2_7seg.v
    Info (12023): Found entity 1: hex_2_7seg File: H:/VERI/part_3/lib/hex_2_7seg.v Line: 1
Info (12021): Found 1 design units, including 1 entities, in source file /veri/part_3/lib/divclk.v
    Info (12023): Found entity 1: divclk File: H:/VERI/part_3/lib/divclk.v Line: 3
Info (12021): Found 1 design units, including 1 entities, in source file ex13_top.v
    Info (12023): Found entity 1: ex13_top File: H:/VERI/part_3/ex13/ex13_top.v Line: 1
Info (12127): Elaborating entity "ex13_top" for the top level hierarchy
Info (12128): Elaborating entity "divclk" for hierarchy "divclk:DIV" File: H:/VERI/part_3/ex13/ex13_top.v Line: 16
Info (12128): Elaborating entity "counter_10" for hierarchy "counter_10:COUNTER1" File: H:/VERI/part_3/ex13/ex13_top.v Line: 24
Info (12128): Elaborating entity "rom" for hierarchy "rom:SINWAVE" File: H:/VERI/part_3/ex13/ex13_top.v Line: 30
Info (12128): Elaborating entity "altsyncram" for hierarchy "rom:SINWAVE|altsyncram:altsyncram_component" File: H:/VERI/part_3/lib/rom.v Line: 81
Info (12130): Elaborated megafunction instantiation "rom:SINWAVE|altsyncram:altsyncram_component" File: H:/VERI/part_3/lib/rom.v Line: 81
Info (12133): Instantiated megafunction "rom:SINWAVE|altsyncram:altsyncram_component" with the following parameter: File: H:/VERI/part_3/lib/rom.v Line: 81
    Info (12134): Parameter "address_aclr_a" = "NONE"
    Info (12134): Parameter "clock_enable_input_a" = "BYPASS"
    Info (12134): Parameter "clock_enable_output_a" = "BYPASS"
    Info (12134): Parameter "init_file" = "../lib/rom_data.mif"
    Info (12134): Parameter "intended_device_family" = "Cyclone V"
    Info (12134): Parameter "lpm_hint" = "ENABLE_RUNTIME_MOD=NO"
    Info (12134): Parameter "lpm_type" = "altsyncram"
    Info (12134): Parameter "numwords_a" = "1024"
    Info (12134): Parameter "operation_mode" = "ROM"
    Info (12134): Parameter "outdata_aclr_a" = "NONE"
    Info (12134): Parameter "outdata_reg_a" = "CLOCK0"
    Info (12134): Parameter "ram_block_type" = "M10K"
    Info (12134): Parameter "widthad_a" = "10"
    Info (12134): Parameter "width_a" = "10"
    Info (12134): Parameter "width_byteena_a" = "1"
Info (12021): Found 1 design units, including 1 entities, in source file db/altsyncram_95i1.tdf
    Info (12023): Found entity 1: altsyncram_95i1 File: H:/VERI/part_3/ex13/db/altsyncram_95i1.tdf Line: 28
Info (12128): Elaborating entity "altsyncram_95i1" for hierarchy "rom:SINWAVE|altsyncram:altsyncram_component|altsyncram_95i1:auto_generated" File: c:/altera/16.0/quartus/libraries/megafunctions/altsyncram.tdf Line: 792
Info (12128): Elaborating entity "spi2dac" for hierarchy "spi2dac:SPI1" File: H:/VERI/part_3/ex13/ex13_top.v Line: 32
Info (12128): Elaborating entity "pwm" for hierarchy "pwm:PWM1" File: H:/VERI/part_3/ex13/ex13_top.v Line: 34
Info (286030): Timing-Driven Synthesis is running
Info (16010): Generating hard_block partition "hard_block:auto_generated_inst"
    Info (16011): Adding 0 node(s), including 0 DDIO, 0 PLL, 0 transceiver and 0 LCELL
Info (21057): Implemented 110 device resources after synthesis - the final resource count might be different
    Info (21058): Implemented 1 input pins
    Info (21059): Implemented 5 output pins
    Info (21061): Implemented 94 logic cells
    Info (21064): Implemented 10 RAM segments
Info: Quartus Prime Analysis & Synthesis was successful. 0 errors, 1 warning
    Info: Peak virtual memory: 899 megabytes
    Info: Processing ended: Tue Dec 04 13:23:38 2018
    Info: Elapsed time: 00:00:12
    Info: Total CPU time (on all processors): 00:00:22


