Analysis & Synthesis report for ex16_top
Tue Dec 04 15:43:39 2018
Quartus Prime Version 16.0.0 Build 211 04/27/2016 SJ Standard Edition


---------------------
; Table of Contents ;
---------------------
  1. Legal Notice
  2. Analysis & Synthesis Summary
  3. Analysis & Synthesis Settings
  4. Parallel Compilation
  5. Analysis & Synthesis Source Files Read
  6. Analysis & Synthesis Resource Usage Summary
  7. Analysis & Synthesis Resource Utilization by Entity
  8. State Machine - |ex16_top|spi2adc:SPI_ADC|sr_state
  9. State Machine - |ex16_top|spi2dac:SPI_DAC|sr_state
 10. Registers Removed During Synthesis
 11. Removed Registers Triggering Further Register Optimizations
 12. General Register Statistics
 13. Inverted Register Statistics
 14. Parameter Settings for User Entity Instance: clktick_16:GEN_10K
 15. Parameter Settings for User Entity Instance: spi2dac:SPI_DAC
 16. Parameter Settings for User Entity Instance: spi2adc:SPI_ADC
 17. Parameter Settings for User Entity Instance: processor:ALLPASS
 18. Port Connectivity Checks: "hex_to_7seg:SEG2"
 19. Port Connectivity Checks: "spi2adc:SPI_ADC"
 20. Port Connectivity Checks: "clktick_16:GEN_10K"
 21. Post-Synthesis Netlist Statistics for Top Partition
 22. Elapsed Time Per Partition
 23. Analysis & Synthesis Messages



----------------
; Legal Notice ;
----------------
Copyright (C) 1991-2016 Altera Corporation. All rights reserved.
Your use of Altera Corporation's design tools, logic functions 
and other software and tools, and its AMPP partner logic 
functions, and any output files from any of the foregoing 
(including device programming or simulation files), and any 
associated documentation or information are expressly subject 
to the terms and conditions of the Altera Program License 
Subscription Agreement, the Altera Quartus Prime License Agreement,
the Altera MegaCore Function License Agreement, or other 
applicable license agreement, including, without limitation, 
that your use is for the sole purpose of programming logic 
devices manufactured by Altera and sold by Altera or its 
authorized distributors.  Please refer to the applicable 
agreement for further details.



+-----------------------------------------------------------------------------------+
; Analysis & Synthesis Summary                                                      ;
+---------------------------------+-------------------------------------------------+
; Analysis & Synthesis Status     ; Successful - Tue Dec 04 15:43:39 2018           ;
; Quartus Prime Version           ; 16.0.0 Build 211 04/27/2016 SJ Standard Edition ;
; Revision Name                   ; ex16_top                                        ;
; Top-level Entity Name           ; ex16_top                                        ;
; Family                          ; Cyclone V                                       ;
; Logic utilization (in ALMs)     ; N/A                                             ;
; Total registers                 ; 107                                             ;
; Total pins                      ; 41                                              ;
; Total virtual pins              ; 0                                               ;
; Total block memory bits         ; 0                                               ;
; Total DSP Blocks                ; 0                                               ;
; Total HSSI RX PCSs              ; 0                                               ;
; Total HSSI PMA RX Deserializers ; 0                                               ;
; Total HSSI TX PCSs              ; 0                                               ;
; Total HSSI PMA TX Serializers   ; 0                                               ;
; Total PLLs                      ; 0                                               ;
; Total DLLs                      ; 0                                               ;
+---------------------------------+-------------------------------------------------+


+---------------------------------------------------------------------------------------------------------------------------+
; Analysis & Synthesis Settings                                                                                             ;
+---------------------------------------------------------------------------------+--------------------+--------------------+
; Option                                                                          ; Setting            ; Default Value      ;
+---------------------------------------------------------------------------------+--------------------+--------------------+
; Device                                                                          ; 5CSEMA5F31C6       ;                    ;
; Top-level entity name                                                           ; ex16_top           ; ex16_top           ;
; Family name                                                                     ; Cyclone V          ; Cyclone V          ;
; Use smart compilation                                                           ; Off                ; Off                ;
; Enable parallel Assembler and TimeQuest Timing Analyzer during compilation      ; On                 ; On                 ;
; Enable compact report table                                                     ; Off                ; Off                ;
; Restructure Multiplexers                                                        ; Auto               ; Auto               ;
; MLAB Add Timing Constraints For Mixed-Port Feed-Through Mode Setting Don't Care ; Off                ; Off                ;
; Create Debugging Nodes for IP Cores                                             ; Off                ; Off                ;
; Preserve fewer node names                                                       ; On                 ; On                 ;
; Disable OpenCore Plus hardware evaluation                                       ; Off                ; Off                ;
; Verilog Version                                                                 ; Verilog_2001       ; Verilog_2001       ;
; VHDL Version                                                                    ; VHDL_1993          ; VHDL_1993          ;
; State Machine Processing                                                        ; Auto               ; Auto               ;
; Safe State Machine                                                              ; Off                ; Off                ;
; Extract Verilog State Machines                                                  ; On                 ; On                 ;
; Extract VHDL State Machines                                                     ; On                 ; On                 ;
; Ignore Verilog initial constructs                                               ; Off                ; Off                ;
; Iteration limit for constant Verilog loops                                      ; 5000               ; 5000               ;
; Iteration limit for non-constant Verilog loops                                  ; 250                ; 250                ;
; Add Pass-Through Logic to Inferred RAMs                                         ; On                 ; On                 ;
; Infer RAMs from Raw Logic                                                       ; On                 ; On                 ;
; Parallel Synthesis                                                              ; On                 ; On                 ;
; DSP Block Balancing                                                             ; Auto               ; Auto               ;
; NOT Gate Push-Back                                                              ; On                 ; On                 ;
; Power-Up Don't Care                                                             ; On                 ; On                 ;
; Remove Redundant Logic Cells                                                    ; Off                ; Off                ;
; Remove Duplicate Registers                                                      ; On                 ; On                 ;
; Ignore CARRY Buffers                                                            ; Off                ; Off                ;
; Ignore CASCADE Buffers                                                          ; Off                ; Off                ;
; Ignore GLOBAL Buffers                                                           ; Off                ; Off                ;
; Ignore ROW GLOBAL Buffers                                                       ; Off                ; Off                ;
; Ignore LCELL Buffers                                                            ; Off                ; Off                ;
; Ignore SOFT Buffers                                                             ; On                 ; On                 ;
; Limit AHDL Integers to 32 Bits                                                  ; Off                ; Off                ;
; Optimization Technique                                                          ; Balanced           ; Balanced           ;
; Carry Chain Length                                                              ; 70                 ; 70                 ;
; Auto Carry Chains                                                               ; On                 ; On                 ;
; Auto Open-Drain Pins                                                            ; On                 ; On                 ;
; Perform WYSIWYG Primitive Resynthesis                                           ; Off                ; Off                ;
; Auto ROM Replacement                                                            ; On                 ; On                 ;
; Auto RAM Replacement                                                            ; On                 ; On                 ;
; Auto DSP Block Replacement                                                      ; On                 ; On                 ;
; Auto Shift Register Replacement                                                 ; Auto               ; Auto               ;
; Allow Shift Register Merging across Hierarchies                                 ; Auto               ; Auto               ;
; Auto Clock Enable Replacement                                                   ; On                 ; On                 ;
; Strict RAM Replacement                                                          ; Off                ; Off                ;
; Allow Synchronous Control Signals                                               ; On                 ; On                 ;
; Force Use of Synchronous Clear Signals                                          ; Off                ; Off                ;
; Auto Resource Sharing                                                           ; Off                ; Off                ;
; Allow Any RAM Size For Recognition                                              ; Off                ; Off                ;
; Allow Any ROM Size For Recognition                                              ; Off                ; Off                ;
; Allow Any Shift Register Size For Recognition                                   ; Off                ; Off                ;
; Use LogicLock Constraints during Resource Balancing                             ; On                 ; On                 ;
; Ignore translate_off and synthesis_off directives                               ; Off                ; Off                ;
; Timing-Driven Synthesis                                                         ; On                 ; On                 ;
; Report Parameter Settings                                                       ; On                 ; On                 ;
; Report Source Assignments                                                       ; On                 ; On                 ;
; Report Connectivity Checks                                                      ; On                 ; On                 ;
; Ignore Maximum Fan-Out Assignments                                              ; Off                ; Off                ;
; Synchronization Register Chain Length                                           ; 3                  ; 3                  ;
; PowerPlay Power Optimization During Synthesis                                   ; Normal compilation ; Normal compilation ;
; HDL message level                                                               ; Level2             ; Level2             ;
; Suppress Register Optimization Related Messages                                 ; Off                ; Off                ;
; Number of Removed Registers Reported in Synthesis Report                        ; 5000               ; 5000               ;
; Number of Swept Nodes Reported in Synthesis Report                              ; 5000               ; 5000               ;
; Number of Inverted Registers Reported in Synthesis Report                       ; 100                ; 100                ;
; Clock MUX Protection                                                            ; On                 ; On                 ;
; Auto Gated Clock Conversion                                                     ; Off                ; Off                ;
; Block Design Naming                                                             ; Auto               ; Auto               ;
; SDC constraint protection                                                       ; Off                ; Off                ;
; Synthesis Effort                                                                ; Auto               ; Auto               ;
; Shift Register Replacement - Allow Asynchronous Clear Signal                    ; On                 ; On                 ;
; Pre-Mapping Resynthesis Optimization                                            ; Off                ; Off                ;
; Analysis & Synthesis Message Level                                              ; Medium             ; Medium             ;
; Disable Register Merging Across Hierarchies                                     ; Auto               ; Auto               ;
; Resource Aware Inference For Block RAM                                          ; On                 ; On                 ;
; Synthesis Seed                                                                  ; 1                  ; 1                  ;
; Automatic Parallel Synthesis                                                    ; On                 ; On                 ;
; Partial Reconfiguration Bitstream ID                                            ; Off                ; Off                ;
+---------------------------------------------------------------------------------+--------------------+--------------------+


+------------------------------------------+
; Parallel Compilation                     ;
+----------------------------+-------------+
; Processors                 ; Number      ;
+----------------------------+-------------+
; Number detected on machine ; 8           ;
; Maximum allowed            ; 4           ;
;                            ;             ;
; Average used               ; 1.00        ;
; Maximum used               ; 4           ;
;                            ;             ;
; Usage by Processor         ; % Time Used ;
;     Processor 1            ; 100.0%      ;
;     Processors 2-4         ;   0.0%      ;
+----------------------------+-------------+


+---------------------------------------------------------------------------------------------------------------------------+
; Analysis & Synthesis Source Files Read                                                                                    ;
+----------------------------------+-----------------+------------------------+-----------------------------------+---------+
; File Name with User-Entered Path ; Used in Netlist ; File Type              ; File Name with Absolute Path      ; Library ;
+----------------------------------+-----------------+------------------------+-----------------------------------+---------+
; hex_to_7seg.v                    ; yes             ; User Verilog HDL File  ; H:/VERI/part_4/ex16/hex_to_7seg.v ;         ;
; clktick_16.v                     ; yes             ; User Verilog HDL File  ; H:/VERI/part_4/ex16/clktick_16.v  ;         ;
; spi2dac.v                        ; yes             ; User Verilog HDL File  ; H:/VERI/part_4/ex16/spi2dac.v     ;         ;
; spi2adc.v                        ; yes             ; User Verilog HDL File  ; H:/VERI/part_4/ex16/spi2adc.v     ;         ;
; pwm.v                            ; yes             ; User Verilog HDL File  ; H:/VERI/part_4/ex16/pwm.v         ;         ;
; ex16_top.v                       ; yes             ; User Verilog HDL File  ; H:/VERI/part_4/ex16/ex16_top.v    ;         ;
; mult4.v                          ; yes             ; User Verilog HDL File  ; H:/VERI/part_4/ex16/mult4.v       ;         ;
+----------------------------------+-----------------+------------------------+-----------------------------------+---------+


+--------------------------------------------------------------+
; Analysis & Synthesis Resource Usage Summary                  ;
+---------------------------------------------+----------------+
; Resource                                    ; Usage          ;
+---------------------------------------------+----------------+
; Estimate of Logic utilization (ALMs needed) ; 62             ;
;                                             ;                ;
; Combinational ALUT usage for logic          ; 108            ;
;     -- 7 input functions                    ; 0              ;
;     -- 6 input functions                    ; 9              ;
;     -- 5 input functions                    ; 15             ;
;     -- 4 input functions                    ; 30             ;
;     -- <=3 input functions                  ; 54             ;
;                                             ;                ;
; Dedicated logic registers                   ; 107            ;
;                                             ;                ;
; I/O pins                                    ; 41             ;
;                                             ;                ;
; Total DSP Blocks                            ; 0              ;
;                                             ;                ;
; Maximum fan-out node                        ; CLOCK_50~input ;
; Maximum fan-out                             ; 59             ;
; Total fan-out                               ; 680            ;
; Average fan-out                             ; 2.29           ;
+---------------------------------------------+----------------+


+----------------------------------------------------------------------------------------------------------------------------------------------------------------------------------+
; Analysis & Synthesis Resource Utilization by Entity                                                                                                                              ;
+----------------------------+-------------------+--------------+-------------------+------------+------+--------------+------------------------------+-------------+--------------+
; Compilation Hierarchy Node ; LC Combinationals ; LC Registers ; Block Memory Bits ; DSP Blocks ; Pins ; Virtual Pins ; Full Hierarchy Name          ; Entity Name ; Library Name ;
+----------------------------+-------------------+--------------+-------------------+------------+------+--------------+------------------------------+-------------+--------------+
; |ex16_top                  ; 108 (0)           ; 107 (0)      ; 0                 ; 0          ; 41   ; 0            ; |ex16_top                    ; ex16_top    ; work         ;
;    |clktick_16:GEN_10K|    ; 20 (20)           ; 17 (17)      ; 0                 ; 0          ; 0    ; 0            ; |ex16_top|clktick_16:GEN_10K ; clktick_16  ; work         ;
;    |hex_to_7seg:SEG0|      ; 7 (7)             ; 0 (0)        ; 0                 ; 0          ; 0    ; 0            ; |ex16_top|hex_to_7seg:SEG0   ; hex_to_7seg ; work         ;
;    |hex_to_7seg:SEG1|      ; 7 (7)             ; 0 (0)        ; 0                 ; 0          ; 0    ; 0            ; |ex16_top|hex_to_7seg:SEG1   ; hex_to_7seg ; work         ;
;    |hex_to_7seg:SEG2|      ; 3 (3)             ; 0 (0)        ; 0                 ; 0          ; 0    ; 0            ; |ex16_top|hex_to_7seg:SEG2   ; hex_to_7seg ; work         ;
;    |processor:ALLPASS|     ; 9 (9)             ; 8 (8)        ; 0                 ; 0          ; 0    ; 0            ; |ex16_top|processor:ALLPASS  ; processor   ; work         ;
;    |pwm:PWM_DC|            ; 15 (15)           ; 19 (19)      ; 0                 ; 0          ; 0    ; 0            ; |ex16_top|pwm:PWM_DC         ; pwm         ; work         ;
;    |spi2adc:SPI_ADC|       ; 21 (21)           ; 39 (39)      ; 0                 ; 0          ; 0    ; 0            ; |ex16_top|spi2adc:SPI_ADC    ; spi2adc     ; work         ;
;    |spi2dac:SPI_DAC|       ; 26 (26)           ; 24 (24)      ; 0                 ; 0          ; 0    ; 0            ; |ex16_top|spi2dac:SPI_DAC    ; spi2dac     ; work         ;
+----------------------------+-------------------+--------------+-------------------+------------+------+--------------+------------------------------+-------------+--------------+
Note: For table entries with two numbers listed, the numbers in parentheses indicate the number of resources of the given type used by the specific entity alone. The numbers listed outside of parentheses indicate the total resources of the given type used by the specific entity and all of its sub-entities in the hierarchy.


Encoding Type:  One-Hot
+------------------------------------------------------------------------------------------+
; State Machine - |ex16_top|spi2adc:SPI_ADC|sr_state                                       ;
+------------------------+---------------+------------------------+------------------------+
; Name                   ; sr_state.IDLE ; sr_state.WAIT_CSB_HIGH ; sr_state.WAIT_CSB_FALL ;
+------------------------+---------------+------------------------+------------------------+
; sr_state.IDLE          ; 0             ; 0                      ; 0                      ;
; sr_state.WAIT_CSB_FALL ; 1             ; 0                      ; 1                      ;
; sr_state.WAIT_CSB_HIGH ; 1             ; 1                      ; 0                      ;
+------------------------+---------------+------------------------+------------------------+


Encoding Type:  One-Hot
+------------------------------------------------------------------------------------------+
; State Machine - |ex16_top|spi2dac:SPI_DAC|sr_state                                       ;
+------------------------+---------------+------------------------+------------------------+
; Name                   ; sr_state.IDLE ; sr_state.WAIT_CSB_HIGH ; sr_state.WAIT_CSB_FALL ;
+------------------------+---------------+------------------------+------------------------+
; sr_state.IDLE          ; 0             ; 0                      ; 0                      ;
; sr_state.WAIT_CSB_FALL ; 1             ; 0                      ; 1                      ;
; sr_state.WAIT_CSB_HIGH ; 1             ; 1                      ; 0                      ;
+------------------------+---------------+------------------------+------------------------+


+---------------------------------------------------------------------------------+
; Registers Removed During Synthesis                                              ;
+----------------------------------------+----------------------------------------+
; Register name                          ; Reason for Removal                     ;
+----------------------------------------+----------------------------------------+
; processor:ALLPASS|data_out[0,1]        ; Stuck at GND due to stuck port data_in ;
; pwm:PWM_DC|d[0,1]                      ; Stuck at GND due to stuck port data_in ;
; spi2dac:SPI_DAC|shift_reg[0..3]        ; Stuck at GND due to stuck port data_in ;
; spi2dac:SPI_DAC|ctr[4]                 ; Merged with spi2adc:SPI_ADC|ctr[4]     ;
; spi2dac:SPI_DAC|ctr[3]                 ; Merged with spi2adc:SPI_ADC|ctr[3]     ;
; spi2dac:SPI_DAC|ctr[2]                 ; Merged with spi2adc:SPI_ADC|ctr[2]     ;
; spi2dac:SPI_DAC|ctr[1]                 ; Merged with spi2adc:SPI_ADC|ctr[1]     ;
; spi2dac:SPI_DAC|ctr[0]                 ; Merged with spi2adc:SPI_ADC|ctr[0]     ;
; Total Number of Removed Registers = 13 ;                                        ;
+----------------------------------------+----------------------------------------+


+-----------------------------------------------------------------------------------------------------------+
; Removed Registers Triggering Further Register Optimizations                                               ;
+-------------------------------+---------------------------+-----------------------------------------------+
; Register name                 ; Reason for Removal        ; Registers Removed due to This Register        ;
+-------------------------------+---------------------------+-----------------------------------------------+
; processor:ALLPASS|data_out[0] ; Stuck at GND              ; pwm:PWM_DC|d[0], spi2dac:SPI_DAC|shift_reg[2] ;
;                               ; due to stuck port data_in ;                                               ;
; processor:ALLPASS|data_out[1] ; Stuck at GND              ; pwm:PWM_DC|d[1], spi2dac:SPI_DAC|shift_reg[3] ;
;                               ; due to stuck port data_in ;                                               ;
; spi2dac:SPI_DAC|shift_reg[0]  ; Stuck at GND              ; spi2dac:SPI_DAC|shift_reg[1]                  ;
;                               ; due to stuck port data_in ;                                               ;
+-------------------------------+---------------------------+-----------------------------------------------+


+------------------------------------------------------+
; General Register Statistics                          ;
+----------------------------------------------+-------+
; Statistic                                    ; Value ;
+----------------------------------------------+-------+
; Total registers                              ; 107   ;
; Number of registers using Synchronous Clear  ; 9     ;
; Number of registers using Synchronous Load   ; 0     ;
; Number of registers using Asynchronous Clear ; 0     ;
; Number of registers using Asynchronous Load  ; 0     ;
; Number of registers using Clock Enable       ; 30    ;
; Number of registers using Preset             ; 0     ;
+----------------------------------------------+-------+


+--------------------------------------------------+
; Inverted Register Statistics                     ;
+----------------------------------------+---------+
; Inverted Register                      ; Fan out ;
+----------------------------------------+---------+
; spi2dac:SPI_DAC|dac_cs                 ; 18      ;
; spi2adc:SPI_ADC|adc_cs                 ; 7       ;
; Total number of inverted registers = 2 ;         ;
+----------------------------------------+---------+


+-----------------------------------------------------------------+
; Parameter Settings for User Entity Instance: clktick_16:GEN_10K ;
+----------------+-------+----------------------------------------+
; Parameter Name ; Value ; Type                                   ;
+----------------+-------+----------------------------------------+
; N_BIT          ; 16    ; Signed Integer                         ;
+----------------+-------+----------------------------------------+
Note: In order to hide this table in the UI and the text report file, please set the "Show Parameter Settings in Synthesis Report" option in "Analysis and Synthesis Settings -> More Settings" to "Off".


+--------------------------------------------------------------+
; Parameter Settings for User Entity Instance: spi2dac:SPI_DAC ;
+----------------+-------+-------------------------------------+
; Parameter Name ; Value ; Type                                ;
+----------------+-------+-------------------------------------+
; BUF            ; 1     ; Unsigned Binary                     ;
; GA_N           ; 1     ; Unsigned Binary                     ;
; SHDN_N         ; 1     ; Unsigned Binary                     ;
; TIME_CONSTANT  ; 11000 ; Unsigned Binary                     ;
; IDLE           ; 00    ; Unsigned Binary                     ;
; WAIT_CSB_FALL  ; 01    ; Unsigned Binary                     ;
; WAIT_CSB_HIGH  ; 10    ; Unsigned Binary                     ;
+----------------+-------+-------------------------------------+
Note: In order to hide this table in the UI and the text report file, please set the "Show Parameter Settings in Synthesis Report" option in "Analysis and Synthesis Settings -> More Settings" to "Off".


+--------------------------------------------------------------+
; Parameter Settings for User Entity Instance: spi2adc:SPI_ADC ;
+----------------+-------+-------------------------------------+
; Parameter Name ; Value ; Type                                ;
+----------------+-------+-------------------------------------+
; SGL            ; 1     ; Unsigned Binary                     ;
; MSBF           ; 1     ; Unsigned Binary                     ;
; TIME_CONSTANT  ; 11000 ; Unsigned Binary                     ;
; IDLE           ; 00    ; Unsigned Binary                     ;
; WAIT_CSB_FALL  ; 01    ; Unsigned Binary                     ;
; WAIT_CSB_HIGH  ; 10    ; Unsigned Binary                     ;
+----------------+-------+-------------------------------------+
Note: In order to hide this table in the UI and the text report file, please set the "Show Parameter Settings in Synthesis Report" option in "Analysis and Synthesis Settings -> More Settings" to "Off".


+----------------------------------------------------------------+
; Parameter Settings for User Entity Instance: processor:ALLPASS ;
+----------------+------------+----------------------------------+
; Parameter Name ; Value      ; Type                             ;
+----------------+------------+----------------------------------+
; ADC_OFFSET     ; 0110000001 ; Unsigned Binary                  ;
; DAC_OFFSET     ; 1000000000 ; Unsigned Binary                  ;
+----------------+------------+----------------------------------+
Note: In order to hide this table in the UI and the text report file, please set the "Show Parameter Settings in Synthesis Report" option in "Analysis and Synthesis Settings -> More Settings" to "Off".


+----------------------------------------------+
; Port Connectivity Checks: "hex_to_7seg:SEG2" ;
+----------+-------+----------+----------------+
; Port     ; Type  ; Severity ; Details        ;
+----------+-------+----------+----------------+
; in[3..2] ; Input ; Info     ; Stuck at GND   ;
+----------+-------+----------+----------------+


+----------------------------------------------------------------------------------------------------------------------+
; Port Connectivity Checks: "spi2adc:SPI_ADC"                                                                          ;
+------------+--------+----------+-------------------------------------------------------------------------------------+
; Port       ; Type   ; Severity ; Details                                                                             ;
+------------+--------+----------+-------------------------------------------------------------------------------------+
; channel    ; Input  ; Info     ; Stuck at VCC                                                                        ;
; data_valid ; Output ; Info     ; Connected to dangling logic. Logic that only feeds a dangling port will be removed. ;
+------------+--------+----------+-------------------------------------------------------------------------------------+


+------------------------------------------------+
; Port Connectivity Checks: "clktick_16:GEN_10K" ;
+-----------+-------+----------+-----------------+
; Port      ; Type  ; Severity ; Details         ;
+-----------+-------+----------+-----------------+
; enable    ; Input ; Info     ; Stuck at VCC    ;
; N[9..7]   ; Input ; Info     ; Stuck at VCC    ;
; N[2..0]   ; Input ; Info     ; Stuck at VCC    ;
; N[15..13] ; Input ; Info     ; Stuck at GND    ;
; N[11..10] ; Input ; Info     ; Stuck at GND    ;
; N[6..3]   ; Input ; Info     ; Stuck at GND    ;
; N[12]     ; Input ; Info     ; Stuck at VCC    ;
+-----------+-------+----------+-----------------+


+-----------------------------------------------------+
; Post-Synthesis Netlist Statistics for Top Partition ;
+-----------------------+-----------------------------+
; Type                  ; Count                       ;
+-----------------------+-----------------------------+
; arriav_ff             ; 107                         ;
;     ENA               ; 30                          ;
;     SCLR              ; 9                           ;
;     plain             ; 68                          ;
; arriav_lcell_comb     ; 116                         ;
;     arith             ; 33                          ;
;         1 data inputs ; 32                          ;
;         2 data inputs ; 1                           ;
;     normal            ; 83                          ;
;         0 data inputs ; 1                           ;
;         1 data inputs ; 11                          ;
;         2 data inputs ; 10                          ;
;         3 data inputs ; 7                           ;
;         4 data inputs ; 30                          ;
;         5 data inputs ; 15                          ;
;         6 data inputs ; 9                           ;
; boundary_port         ; 41                          ;
;                       ;                             ;
; Max LUT depth         ; 3.00                        ;
; Average LUT depth     ; 1.47                        ;
+-----------------------+-----------------------------+


+-------------------------------+
; Elapsed Time Per Partition    ;
+----------------+--------------+
; Partition Name ; Elapsed Time ;
+----------------+--------------+
; Top            ; 00:00:00     ;
+----------------+--------------+


+-------------------------------+
; Analysis & Synthesis Messages ;
+-------------------------------+
Info: *******************************************************************
Info: Running Quartus Prime Analysis & Synthesis
    Info: Version 16.0.0 Build 211 04/27/2016 SJ Standard Edition
    Info: Processing started: Tue Dec 04 15:43:27 2018
Info: Command: quartus_map --read_settings_files=on --write_settings_files=off ex16 -c ex16_top
Warning (18236): Number of processors has not been specified which may cause overloading on shared machines.  Set the global assignment NUM_PARALLEL_PROCESSORS in your QSF to an appropriate value for best performance.
Info (20030): Parallel compilation is enabled and will use 4 of the 4 processors detected
Info (12021): Found 1 design units, including 1 entities, in source file hex_to_7seg.v
    Info (12023): Found entity 1: hex_to_7seg File: H:/VERI/part_4/ex16/hex_to_7seg.v Line: 10
Info (12021): Found 1 design units, including 1 entities, in source file clktick_16.v
    Info (12023): Found entity 1: clktick_16 File: H:/VERI/part_4/ex16/clktick_16.v Line: 6
Info (12021): Found 1 design units, including 1 entities, in source file spi2dac.v
    Info (12023): Found entity 1: spi2dac File: H:/VERI/part_4/ex16/spi2dac.v Line: 9
Info (12021): Found 1 design units, including 1 entities, in source file spi2adc.v
    Info (12023): Found entity 1: spi2adc File: H:/VERI/part_4/ex16/spi2adc.v Line: 9
Info (12021): Found 1 design units, including 1 entities, in source file pwm.v
    Info (12023): Found entity 1: pwm File: H:/VERI/part_4/ex16/pwm.v Line: 1
Info (12021): Found 1 design units, including 1 entities, in source file delay_ram.v
    Info (12023): Found entity 1: delay_ram File: H:/VERI/part_4/ex16/delay_ram.v Line: 39
Info (12021): Found 1 design units, including 1 entities, in source file ex16_top.v
    Info (12023): Found entity 1: ex16_top File: H:/VERI/part_4/ex16/ex16_top.v Line: 9
Info (12021): Found 1 design units, including 1 entities, in source file mult4.v
    Info (12023): Found entity 1: processor File: H:/VERI/part_4/ex16/mult4.v Line: 9
Info (12127): Elaborating entity "ex16_top" for the top level hierarchy
Info (12128): Elaborating entity "clktick_16" for hierarchy "clktick_16:GEN_10K" File: H:/VERI/part_4/ex16/ex16_top.v Line: 32
Info (12128): Elaborating entity "spi2dac" for hierarchy "spi2dac:SPI_DAC" File: H:/VERI/part_4/ex16/ex16_top.v Line: 34
Info (12128): Elaborating entity "pwm" for hierarchy "pwm:PWM_DC" File: H:/VERI/part_4/ex16/ex16_top.v Line: 35
Info (12128): Elaborating entity "spi2adc" for hierarchy "spi2adc:SPI_ADC" File: H:/VERI/part_4/ex16/ex16_top.v Line: 46
Info (12128): Elaborating entity "processor" for hierarchy "processor:ALLPASS" File: H:/VERI/part_4/ex16/ex16_top.v Line: 48
Info (12128): Elaborating entity "hex_to_7seg" for hierarchy "hex_to_7seg:SEG0" File: H:/VERI/part_4/ex16/ex16_top.v Line: 50
Warning (13024): Output pins are stuck at VCC or GND
    Warning (13410): Pin "HEX2[1]" is stuck at GND File: H:/VERI/part_4/ex16/ex16_top.v Line: 15
Info (286030): Timing-Driven Synthesis is running
Info (16010): Generating hard_block partition "hard_block:auto_generated_inst"
    Info (16011): Adding 0 node(s), including 0 DDIO, 0 PLL, 0 transceiver and 0 LCELL
Warning (21074): Design contains 10 input pin(s) that do not drive logic
    Warning (15610): No output dependent on input pin "SW[0]" File: H:/VERI/part_4/ex16/ex16_top.v Line: 14
    Warning (15610): No output dependent on input pin "SW[1]" File: H:/VERI/part_4/ex16/ex16_top.v Line: 14
    Warning (15610): No output dependent on input pin "SW[2]" File: H:/VERI/part_4/ex16/ex16_top.v Line: 14
    Warning (15610): No output dependent on input pin "SW[3]" File: H:/VERI/part_4/ex16/ex16_top.v Line: 14
    Warning (15610): No output dependent on input pin "SW[4]" File: H:/VERI/part_4/ex16/ex16_top.v Line: 14
    Warning (15610): No output dependent on input pin "SW[5]" File: H:/VERI/part_4/ex16/ex16_top.v Line: 14
    Warning (15610): No output dependent on input pin "SW[6]" File: H:/VERI/part_4/ex16/ex16_top.v Line: 14
    Warning (15610): No output dependent on input pin "SW[7]" File: H:/VERI/part_4/ex16/ex16_top.v Line: 14
    Warning (15610): No output dependent on input pin "SW[8]" File: H:/VERI/part_4/ex16/ex16_top.v Line: 14
    Warning (15610): No output dependent on input pin "SW[9]" File: H:/VERI/part_4/ex16/ex16_top.v Line: 14
Info (21057): Implemented 178 device resources after synthesis - the final resource count might be different
    Info (21058): Implemented 12 input pins
    Info (21059): Implemented 29 output pins
    Info (21061): Implemented 137 logic cells
Info: Quartus Prime Analysis & Synthesis was successful. 0 errors, 14 warnings
    Info: Peak virtual memory: 895 megabytes
    Info: Processing ended: Tue Dec 04 15:43:39 2018
    Info: Elapsed time: 00:00:12
    Info: Total CPU time (on all processors): 00:00:22


